<?xml version="1.0" encoding="UTF-8"?>
<testsuite xmlns:xsi="http://www.w3.org/2001/XMLSchema-instance" xsi:noNamespaceSchemaLocation="https://maven.apache.org/surefire/maven-surefire-plugin/xsd/surefire-test-report-3.0.xsd" version="3.0" name="TestSuite" time="220.55" tests="28" errors="0" skipped="0" failures="0">
  <properties>
[...]
</properties>
  <testcase name="runScenario[&quot;Calculate Car EMI for 1 year loan and verify first month breakdown&quot;, &quot;Car EMI calculation&quot;](1)" classname="com.emi.runners.CucumberTestRunner" time="17.251">
    <system-out><![CDATA[
@car @smoke @regression
Scenario: Calculate Car EMI for 1 year loan and verify first month breakdown &amp#27;[90m# src/test/resources/features/car_emi.feature:4&amp#27;[0m

@car @smoke @regression
Scenario: Calculate Car EMI for 1 year loan and verify first month breakdown &amp#27;[90m# src/test/resources/features/car_emi.feature:4&amp#27;[0m
11:58:28.675 [TestNG-tests-1] INFO  com.emi.base.DriverSetup - Initializing WebDriver for browser: edge
11:58:28.675 [TestNG-tests-2] INFO  com.emi.base.DriverSetup - Initializing WebDriver for browser: chrome
11:58:29.098 [TestNG-tests-2] INFO  io.github.bonigarcia.wdm.WebDriverManager - Using chromedriver 138.0.7204.183 (resolved driver for Chrome 138)
11:58:29.118 [TestNG-tests-2] INFO  io.github.bonigarcia.wdm.WebDriverManager - Exporting webdriver.chrome.driver as C:\Users\2421305\.cache\selenium\chromedriver\win64\138.0.7204.183\chromedriver.exe
11:58:33.118 [TestNG-tests-2] INFO  com.emi.utils.ConfigReader - Configuration properties loaded successfully
11:58:33.128 [TestNG-tests-2] INFO  com.emi.base.DriverSetup - WebDriver initialized successfully
11:58:33.128 [TestNG-tests-2] INFO  com.emi.base.DriverSetup - Navigating to application URL: https://emicalculator.net/
11:58:35.346 [TestNG-tests-1] INFO  com.emi.base.DriverSetup - WebDriver initialized successfully
11:58:35.346 [TestNG-tests-1] INFO  com.emi.base.DriverSetup - Navigating to application URL: https://emicalculator.net/
11:58:36.980 [TestNG-tests-2] INFO  com.emi.base.DriverSetup - Successfully navigated to application
  &amp#27;[32mGiven &amp#27;[0m&amp#27;[32mI launch the Car EMI Calculator application&amp#27;[0m                          &amp#27;[90m# com.emi.stepdefinitions.CarEmiSteps.i_launch_car_emi_app()&amp#27;[0m

    Embedding Calculate Car EMI for 1 year loan and verify first month breakdown [image/png 140265 bytes]

11:58:40.059 [TestNG-tests-1] INFO  com.emi.base.DriverSetup - Successfully navigated to application
  &amp#27;[32mGiven &amp#27;[0m&amp#27;[32mI launch the Car EMI Calculator application&amp#27;[0m                          &amp#27;[90m# com.emi.stepdefinitions.CarEmiSteps.i_launch_car_emi_app()&amp#27;[0m

    Embedding Calculate Car EMI for 1 year loan and verify first month breakdown [image/png 165107 bytes]

  &amp#27;[32mWhen &amp#27;[0m&amp#27;[32mI calculate Car EMI by reading date from file&amp#27;[0m                         &amp#27;[90m# com.emi.stepdefinitions.CarEmiSteps.i_calculate_car_emi()&amp#27;[0m

    Embedding Calculate Car EMI for 1 year loan and verify first month breakdown [image/png 94352 bytes]

11:58:41.416 [TestNG-tests-2] INFO  com.emi.pages.CarEmiCalculatorPage - 28,273 is the loan emi of car
  &amp#27;[32mThen &amp#27;[0m&amp#27;[32mI should see the EMI amount displayed&amp#27;[0m                                 &amp#27;[90m# com.emi.stepdefinitions.CarEmiSteps.i_get_emi_result()&amp#27;[0m

    Embedding Calculate Car EMI for 1 year loan and verify first month breakdown [image/png 99346 bytes]

11:58:41.881 [TestNG-tests-2] INFO  com.emi.pages.CarEmiCalculatorPage - Principle: ₹ 12,786 Interest: ₹ 15,488
  &amp#27;[32mAnd &amp#27;[0m&amp#27;[32mI should see the first month principal and interest breakdown&amp#27;[0m          &amp#27;[90m# com.emi.stepdefinitions.CarEmiSteps.i_should_see_the_first_month_principal_and_interest_breakdown()&amp#27;[0m

    Embedding Calculate Car EMI for 1 year loan and verify first month breakdown [image/png 119631 bytes]

11:58:42.043 [TestNG-tests-2] INFO  com.emi.base.DriverSetup - Closing browser and cleaning up resources
  &amp#27;[32mWhen &amp#27;[0m&amp#27;[32mI calculate Car EMI by reading date from file&amp#27;[0m                         &amp#27;[90m# com.emi.stepdefinitions.CarEmiSteps.i_calculate_car_emi()&amp#27;[0m

    Embedding Calculate Car EMI for 1 year loan and verify first month breakdown [image/png 163944 bytes]

11:58:44.247 [TestNG-tests-1] INFO  com.emi.pages.CarEmiCalculatorPage - 28,273 is the loan emi of car
  &amp#27;[32mThen &amp#27;[0m&amp#27;[32mI should see the EMI amount displayed&amp#27;[0m                                 &amp#27;[90m# com.emi.stepdefinitions.CarEmiSteps.i_get_emi_result()&amp#27;[0m

    Embedding Calculate Car EMI for 1 year loan and verify first month breakdown [image/png 113738 bytes]

11:58:44.713 [TestNG-tests-1] INFO  com.emi.pages.CarEmiCalculatorPage - Principle: ₹ 12,786 Interest: ₹ 15,488
  &amp#27;[32mAnd &amp#27;[0m&amp#27;[32mI should see the first month principal and interest breakdown&amp#27;[0m          &amp#27;[90m# com.emi.stepdefinitions.CarEmiSteps.i_should_see_the_first_month_principal_and_interest_breakdown()&amp#27;[0m

    Embedding Calculate Car EMI for 1 year loan and verify first month breakdown [image/png 126540 bytes]

11:58:44.928 [TestNG-tests-1] INFO  com.emi.base.DriverSetup - Closing browser and cleaning up resources
11:58:45.786 [TestNG-tests-2] INFO  com.emi.base.DriverSetup - Browser closed successfully
]]></system-out>
  </testcase>
  <testcase name="runScenario[&quot;Calculate Car EMI for 1 year loan and verify first month breakdown&quot;, &quot;Car EMI calculation&quot;](1)" classname="com.emi.runners.CucumberTestRunner" time="4.174">
    <system-out><![CDATA[
@loan @emi @functional @emi_calculator @smoke @regression @tc_fn_03
Scenario: TC-FN-03 Navigate to EMI Calculator tab and verify UI elements                &amp#27;[90m# src/test/resources/features/emi_calculator.feature:10&amp#27;[0m
11:58:45.810 [TestNG-tests-2] INFO  com.emi.base.DriverSetup - Initializing WebDriver for browser: chrome
11:58:45.825 [TestNG-tests-2] INFO  io.github.bonigarcia.wdm.WebDriverManager - Using chromedriver 138.0.7204.183 (resolved driver for Chrome 138)
11:58:45.835 [TestNG-tests-2] INFO  io.github.bonigarcia.wdm.WebDriverManager - Exporting webdriver.chrome.driver as C:\Users\2421305\.cache\selenium\chromedriver\win64\138.0.7204.183\chromedriver.exe
11:58:47.919 [TestNG-tests-2] INFO  com.emi.base.DriverSetup - WebDriver initialized successfully
11:58:47.919 [TestNG-tests-2] INFO  com.emi.base.DriverSetup - Navigating to application URL: https://emicalculator.net/
11:58:49.972 [TestNG-tests-1] INFO  com.emi.base.DriverSetup - Browser closed successfully
]]></system-out>
  </testcase>
  <testcase name="runScenario[&quot;TC-FN-03 Navigate to EMI Calculator tab and verify UI elements&quot;, &quot;EMI, Loan Amount, and Loan Tenure Calculator Validations&quot;](2)" classname="com.emi.runners.CucumberTestRunner" time="14.943">
    <system-out><![CDATA[
@loan @emi @functional @emi_calculator @smoke @regression @tc_fn_03
Scenario: TC-FN-03 Navigate to EMI Calculator tab and verify UI elements                &amp#27;[90m# src/test/resources/features/emi_calculator.feature:10&amp#27;[0m
11:58:49.984 [TestNG-tests-1] INFO  com.emi.base.DriverSetup - Initializing WebDriver for browser: edge
11:58:51.981 [TestNG-tests-2] INFO  com.emi.base.DriverSetup - Successfully navigated to application
  &amp#27;[32mGiven &amp#27;[0m&amp#27;[32mI am on the EMI Calculator page&amp#27;[0m                                                 &amp#27;[90m# com.emi.stepdefinitions.LoanCalculatorSteps.i_am_on_the_emi_calculator_page()&amp#27;[0m

    Embedding TC-FN-03 Navigate to EMI Calculator tab and verify UI elements [image/png 187419 bytes]

11:58:54.148 [TestNG-tests-1] INFO  com.emi.base.DriverSetup - WebDriver initialized successfully
11:58:54.149 [TestNG-tests-1] INFO  com.emi.base.DriverSetup - Navigating to application URL: https://emicalculator.net/
  &amp#27;[32mWhen &amp#27;[0m&amp#27;[32mI navigate to the EMI Calculator tab&amp#27;[0m                                             &amp#27;[90m# com.emi.stepdefinitions.LoanCalculatorSteps.i_navigate_to_the_emi_calculator_tab()&amp#27;[0m

    Embedding TC-FN-03 Navigate to EMI Calculator tab and verify UI elements [image/png 187365 bytes]

11:58:56.337 [TestNG-tests-1] INFO  com.emi.base.DriverSetup - Successfully navigated to application
11:58:57.080 [TestNG-tests-2] INFO  com.emi.pages.LoanCalculatorPage - Loan Amount field set/read. Skipping equality validation due to dynamic behavior
  &amp#27;[32mGiven &amp#27;[0m&amp#27;[32mI am on the EMI Calculator page&amp#27;[0m                                                 &amp#27;[90m# com.emi.stepdefinitions.LoanCalculatorSteps.i_am_on_the_emi_calculator_page()&amp#27;[0m

    Embedding TC-FN-03 Navigate to EMI Calculator tab and verify UI elements [image/png 210418 bytes]

11:58:58.609 [TestNG-tests-2] INFO  com.emi.pages.LoanCalculatorPage - Interest Rate field validation passed
  &amp#27;[32mWhen &amp#27;[0m&amp#27;[32mI navigate to the EMI Calculator tab&amp#27;[0m                                             &amp#27;[90m# com.emi.stepdefinitions.LoanCalculatorSteps.i_navigate_to_the_emi_calculator_tab()&amp#27;[0m

    Embedding TC-FN-03 Navigate to EMI Calculator tab and verify UI elements [image/png 210418 bytes]

11:59:00.185 [TestNG-tests-2] INFO  com.emi.pages.LoanCalculatorPage - Loan Term field validation passed
11:59:01.507 [TestNG-tests-1] INFO  com.emi.pages.LoanCalculatorPage - Loan Amount field set/read. Skipping equality validation due to dynamic behavior
11:59:01.750 [TestNG-tests-2] INFO  com.emi.pages.LoanCalculatorPage - Fees & Charge field validation passed
  &amp#27;[32mAnd &amp#27;[0m&amp#27;[32mI enter loan details in emi calculator&amp#27;[0m                                            &amp#27;[90m# com.emi.stepdefinitions.LoanCalculatorSteps.i_enter_loan_details()&amp#27;[0m

    Embedding TC-FN-03 Navigate to EMI Calculator tab and verify UI elements [image/png 123594 bytes]

true true true true
  &amp#27;[32mThen &amp#27;[0m&amp#27;[32mall UI elements such as text boxes and controls should be visible and functional&amp#27;[0m &amp#27;[90m# com.emi.stepdefinitions.LoanCalculatorSteps.all_ui_elements_visible_and_functional()&amp#27;[0m

    Embedding TC-FN-03 Navigate to EMI Calculator tab and verify UI elements [image/png 123594 bytes]

11:59:02.203 [TestNG-tests-2] INFO  com.emi.base.DriverSetup - Closing browser and cleaning up resources
11:59:03.071 [TestNG-tests-1] INFO  com.emi.pages.LoanCalculatorPage - Interest Rate field validation passed
11:59:04.553 [TestNG-tests-1] INFO  com.emi.pages.LoanCalculatorPage - Loan Term field validation passed
11:59:04.916 [TestNG-tests-2] INFO  com.emi.base.DriverSetup - Browser closed successfully
]]></system-out>
  </testcase>
  <testcase name="runScenario[&quot;TC-FN-03 Navigate to EMI Calculator tab and verify UI elements&quot;, &quot;EMI, Loan Amount, and Loan Tenure Calculator Validations&quot;](2)" classname="com.emi.runners.CucumberTestRunner" time="6.207">
    <system-out><![CDATA[
@loan @emi @functional @emi_calculator @smoke @regression @tc_fn_04
Scenario: TC-FN-04 Change Loan Tenure from years to months and verify scale adjustment &amp#27;[90m# src/test/resources/features/emi_calculator.feature:16&amp#27;[0m
11:59:04.921 [TestNG-tests-2] INFO  com.emi.base.DriverSetup - Initializing WebDriver for browser: chrome
11:59:04.931 [TestNG-tests-2] INFO  io.github.bonigarcia.wdm.WebDriverManager - Using chromedriver 138.0.7204.183 (resolved driver for Chrome 138)
11:59:04.949 [TestNG-tests-2] INFO  io.github.bonigarcia.wdm.WebDriverManager - Exporting webdriver.chrome.driver as C:\Users\2421305\.cache\selenium\chromedriver\win64\138.0.7204.183\chromedriver.exe
11:59:06.060 [TestNG-tests-1] INFO  com.emi.pages.LoanCalculatorPage - Fees & Charge field validation passed
  &amp#27;[32mAnd &amp#27;[0m&amp#27;[32mI enter loan details in emi calculator&amp#27;[0m                                            &amp#27;[90m# com.emi.stepdefinitions.LoanCalculatorSteps.i_enter_loan_details()&amp#27;[0m

    Embedding TC-FN-03 Navigate to EMI Calculator tab and verify UI elements [image/png 142299 bytes]

true true true true
  &amp#27;[32mThen &amp#27;[0m&amp#27;[32mall UI elements such as text boxes and controls should be visible and functional&amp#27;[0m &amp#27;[90m# com.emi.stepdefinitions.LoanCalculatorSteps.all_ui_elements_visible_and_functional()&amp#27;[0m
11:59:06.624 [TestNG-tests-2] INFO  com.emi.base.DriverSetup - WebDriver initialized successfully
11:59:06.625 [TestNG-tests-2] INFO  com.emi.base.DriverSetup - Navigating to application URL: https://emicalculator.net/

    Embedding TC-FN-03 Navigate to EMI Calculator tab and verify UI elements [image/png 142299 bytes]

11:59:06.682 [TestNG-tests-1] INFO  com.emi.base.DriverSetup - Closing browser and cleaning up resources
11:59:08.843 [TestNG-tests-2] INFO  com.emi.base.DriverSetup - Successfully navigated to application
  &amp#27;[32mGiven &amp#27;[0m&amp#27;[32mI am on the EMI Calculator page&amp#27;[0m                                                &amp#27;[90m# com.emi.stepdefinitions.LoanCalculatorSteps.i_am_on_the_emi_calculator_page()&amp#27;[0m

    Embedding TC-FN-04 Change Loan Tenure from years to months and verify scale adjustment [image/png 186747 bytes]

11:59:11.121 [TestNG-tests-1] INFO  com.emi.base.DriverSetup - Browser closed successfully
]]></system-out>
  </testcase>
  <testcase name="runScenario[&quot;TC-FN-04 Change Loan Tenure from years to months and verify scale adjustment&quot;, &quot;EMI, Loan Amount, and Loan Tenure Calculator Validations&quot;](3)" classname="com.emi.runners.CucumberTestRunner" time="5.576">
    <system-out><![CDATA[
@loan @emi @functional @emi_calculator @smoke @regression @tc_fn_04
Scenario: TC-FN-04 Change Loan Tenure from years to months and verify scale adjustment &amp#27;[90m# src/test/resources/features/emi_calculator.feature:16&amp#27;[0m
11:59:11.130 [TestNG-tests-1] INFO  com.emi.base.DriverSetup - Initializing WebDriver for browser: edge
11:59:11.949 [TestNG-tests-2] INFO  com.emi.pages.LoanCalculatorPage - Tenure type validation passed. Year value: 5, Month value: 60
  &amp#27;[32mWhen &amp#27;[0m&amp#27;[32mI toggle the loan tenure type between years and months&amp#27;[0m                          &amp#27;[90m# com.emi.stepdefinitions.LoanCalculatorSteps.i_toggle_the_loan_tenure_type_between_years_and_months()&amp#27;[0m

    Embedding TC-FN-04 Change Loan Tenure from years to months and verify scale adjustment [image/png 114899 bytes]

  &amp#27;[32mThen &amp#27;[0m&amp#27;[32mthe tenure type should be updated accordingly&amp#27;[0m                                   &amp#27;[90m# com.emi.stepdefinitions.LoanCalculatorSteps.the_tenure_type_should_be_updated_accordingly()&amp#27;[0m

    Embedding TC-FN-04 Change Loan Tenure from years to months and verify scale adjustment [image/png 114788 bytes]

11:59:12.260 [TestNG-tests-2] INFO  com.emi.base.DriverSetup - Closing browser and cleaning up resources
11:59:14.502 [TestNG-tests-1] INFO  com.emi.base.DriverSetup - WebDriver initialized successfully
11:59:14.502 [TestNG-tests-1] INFO  com.emi.base.DriverSetup - Navigating to application URL: https://emicalculator.net/
11:59:16.564 [TestNG-tests-1] INFO  com.emi.base.DriverSetup - Successfully navigated to application
11:59:16.693 [TestNG-tests-2] INFO  com.emi.base.DriverSetup - Browser closed successfully
]]></system-out>
  </testcase>
  <testcase name="runScenario[&quot;TC-FN-04 Change Loan Tenure from years to months and verify scale adjustment&quot;, &quot;EMI, Loan Amount, and Loan Tenure Calculator Validations&quot;](3)" classname="com.emi.runners.CucumberTestRunner" time="7.164">
    <system-out><![CDATA[
@loan @emi @functional @loan_amount @regression @tc_fn_05
Scenario: TC-FN-05 Navigate to Loan Amount Calculator tab and verify UI elements        &amp#27;[90m# src/test/resources/features/emi_calculator.feature:21&amp#27;[0m
11:59:16.716 [TestNG-tests-2] INFO  com.emi.base.DriverSetup - Initializing WebDriver for browser: chrome
11:59:16.742 [TestNG-tests-2] INFO  io.github.bonigarcia.wdm.WebDriverManager - Using chromedriver 138.0.7204.183 (resolved driver for Chrome 138)
11:59:16.757 [TestNG-tests-2] INFO  io.github.bonigarcia.wdm.WebDriverManager - Exporting webdriver.chrome.driver as C:\Users\2421305\.cache\selenium\chromedriver\win64\138.0.7204.183\chromedriver.exe
  &amp#27;[32mGiven &amp#27;[0m&amp#27;[32mI am on the EMI Calculator page&amp#27;[0m                                                &amp#27;[90m# com.emi.stepdefinitions.LoanCalculatorSteps.i_am_on_the_emi_calculator_page()&amp#27;[0m

    Embedding TC-FN-04 Change Loan Tenure from years to months and verify scale adjustment [image/png 210504 bytes]

11:59:18.822 [TestNG-tests-2] INFO  com.emi.base.DriverSetup - WebDriver initialized successfully
11:59:18.822 [TestNG-tests-2] INFO  com.emi.base.DriverSetup - Navigating to application URL: https://emicalculator.net/
11:59:19.795 [TestNG-tests-1] INFO  com.emi.pages.LoanCalculatorPage - Tenure type validation passed. Year value: 5, Month value: 60
  &amp#27;[32mWhen &amp#27;[0m&amp#27;[32mI toggle the loan tenure type between years and months&amp#27;[0m                          &amp#27;[90m# com.emi.stepdefinitions.LoanCalculatorSteps.i_toggle_the_loan_tenure_type_between_years_and_months()&amp#27;[0m

    Embedding TC-FN-04 Change Loan Tenure from years to months and verify scale adjustment [image/png 138870 bytes]

  &amp#27;[32mThen &amp#27;[0m&amp#27;[32mthe tenure type should be updated accordingly&amp#27;[0m                                   &amp#27;[90m# com.emi.stepdefinitions.LoanCalculatorSteps.the_tenure_type_should_be_updated_accordingly()&amp#27;[0m

    Embedding TC-FN-04 Change Loan Tenure from years to months and verify scale adjustment [image/png 138725 bytes]

11:59:20.168 [TestNG-tests-1] INFO  com.emi.base.DriverSetup - Closing browser and cleaning up resources
11:59:20.978 [TestNG-tests-2] INFO  com.emi.base.DriverSetup - Successfully navigated to application
  &amp#27;[32mGiven &amp#27;[0m&amp#27;[32mI am on the EMI Calculator page&amp#27;[0m                                                 &amp#27;[90m# com.emi.stepdefinitions.LoanCalculatorSteps.i_am_on_the_emi_calculator_page()&amp#27;[0m

    Embedding TC-FN-05 Navigate to Loan Amount Calculator tab and verify UI elements [image/png 187365 bytes]

  &amp#27;[32mWhen &amp#27;[0m&amp#27;[32mI navigate to the Loan Amount Calculator tab&amp#27;[0m                                     &amp#27;[90m# com.emi.stepdefinitions.LoanCalculatorSteps.i_navigate_to_the_loan_amount_calculator_tab()&amp#27;[0m

    Embedding TC-FN-05 Navigate to Loan Amount Calculator tab and verify UI elements [image/png 186103 bytes]

11:59:23.863 [TestNG-tests-1] INFO  com.emi.base.DriverSetup - Browser closed successfully
]]></system-out>
  </testcase>
  <testcase name="runScenario[&quot;TC-FN-05 Navigate to Loan Amount Calculator tab and verify UI elements&quot;, &quot;EMI, Loan Amount, and Loan Tenure Calculator Validations&quot;](4)" classname="com.emi.runners.CucumberTestRunner" time="8.785">
    <system-out><![CDATA[
@loan @emi @functional @loan_amount @regression @tc_fn_05
Scenario: TC-FN-05 Navigate to Loan Amount Calculator tab and verify UI elements        &amp#27;[90m# src/test/resources/features/emi_calculator.feature:21&amp#27;[0m
11:59:23.877 [TestNG-tests-1] INFO  com.emi.base.DriverSetup - Initializing WebDriver for browser: edge
11:59:24.491 [TestNG-tests-2] INFO  com.emi.pages.LoanCalculatorPage - EMI field set/read. Skipping equality validation due to dynamic behavior
11:59:26.047 [TestNG-tests-2] INFO  com.emi.pages.LoanCalculatorPage - Interest Rate field validation passed
11:59:27.490 [TestNG-tests-1] INFO  com.emi.base.DriverSetup - WebDriver initialized successfully
11:59:27.491 [TestNG-tests-1] INFO  com.emi.base.DriverSetup - Navigating to application URL: https://emicalculator.net/
11:59:27.616 [TestNG-tests-2] INFO  com.emi.pages.LoanCalculatorPage - Loan Term field validation passed
11:59:29.126 [TestNG-tests-2] INFO  com.emi.pages.LoanCalculatorPage - Fees & Charge field validation passed
  &amp#27;[32mAnd &amp#27;[0m&amp#27;[32mI enter EMI details in loan amount&amp#27;[0m                                                &amp#27;[90m# com.emi.stepdefinitions.LoanCalculatorSteps.i_enter_emi_details()&amp#27;[0m

    Embedding TC-FN-05 Navigate to Loan Amount Calculator tab and verify UI elements [image/png 120180 bytes]

true true true true
  &amp#27;[32mThen &amp#27;[0m&amp#27;[32mall UI elements such as text boxes and controls should be visible and functional&amp#27;[0m &amp#27;[90m# com.emi.stepdefinitions.LoanCalculatorSteps.all_ui_elements_visible_and_functional()&amp#27;[0m

    Embedding TC-FN-05 Navigate to Loan Amount Calculator tab and verify UI elements [image/png 120180 bytes]

11:59:29.577 [TestNG-tests-2] INFO  com.emi.base.DriverSetup - Closing browser and cleaning up resources
11:59:29.628 [TestNG-tests-1] INFO  com.emi.base.DriverSetup - Successfully navigated to application
  &amp#27;[32mGiven &amp#27;[0m&amp#27;[32mI am on the EMI Calculator page&amp#27;[0m                                                 &amp#27;[90m# com.emi.stepdefinitions.LoanCalculatorSteps.i_am_on_the_emi_calculator_page()&amp#27;[0m

    Embedding TC-FN-05 Navigate to Loan Amount Calculator tab and verify UI elements [image/png 210418 bytes]

  &amp#27;[32mWhen &amp#27;[0m&amp#27;[32mI navigate to the Loan Amount Calculator tab&amp#27;[0m                                     &amp#27;[90m# com.emi.stepdefinitions.LoanCalculatorSteps.i_navigate_to_the_loan_amount_calculator_tab()&amp#27;[0m

    Embedding TC-FN-05 Navigate to Loan Amount Calculator tab and verify UI elements [image/png 208396 bytes]

11:59:32.647 [TestNG-tests-2] INFO  com.emi.base.DriverSetup - Browser closed successfully
]]></system-out>
  </testcase>
  <testcase name="runScenario[&quot;TC-FN-05 Navigate to Loan Amount Calculator tab and verify UI elements&quot;, &quot;EMI, Loan Amount, and Loan Tenure Calculator Validations&quot;](4)" classname="com.emi.runners.CucumberTestRunner" time="9.676">
    <system-out><![CDATA[
@loan @emi @functional @loan_amount @regression @tc_fn_06
Scenario: TC-FN-06 Change Loan Tenure from years to months and verify scale adjustment &amp#27;[90m# src/test/resources/features/emi_calculator.feature:27&amp#27;[0m
11:59:32.656 [TestNG-tests-2] INFO  com.emi.base.DriverSetup - Initializing WebDriver for browser: chrome
11:59:32.670 [TestNG-tests-2] INFO  io.github.bonigarcia.wdm.WebDriverManager - Using chromedriver 138.0.7204.183 (resolved driver for Chrome 138)
11:59:32.684 [TestNG-tests-2] INFO  io.github.bonigarcia.wdm.WebDriverManager - Exporting webdriver.chrome.driver as C:\Users\2421305\.cache\selenium\chromedriver\win64\138.0.7204.183\chromedriver.exe
11:59:33.549 [TestNG-tests-1] INFO  com.emi.pages.LoanCalculatorPage - EMI field set/read. Skipping equality validation due to dynamic behavior
11:59:34.880 [TestNG-tests-2] INFO  com.emi.base.DriverSetup - WebDriver initialized successfully
11:59:34.880 [TestNG-tests-2] INFO  com.emi.base.DriverSetup - Navigating to application URL: https://emicalculator.net/
11:59:35.212 [TestNG-tests-1] INFO  com.emi.pages.LoanCalculatorPage - Interest Rate field validation passed
11:59:36.980 [TestNG-tests-1] INFO  com.emi.pages.LoanCalculatorPage - Loan Term field validation passed
11:59:37.575 [TestNG-tests-2] INFO  com.emi.base.DriverSetup - Successfully navigated to application
11:59:38.500 [TestNG-tests-1] INFO  com.emi.pages.LoanCalculatorPage - Fees & Charge field validation passed
  &amp#27;[32mAnd &amp#27;[0m&amp#27;[32mI enter EMI details in loan amount&amp#27;[0m                                                &amp#27;[90m# com.emi.stepdefinitions.LoanCalculatorSteps.i_enter_emi_details()&amp#27;[0m

    Embedding TC-FN-05 Navigate to Loan Amount Calculator tab and verify UI elements [image/png 139282 bytes]

true true true true
  &amp#27;[32mThen &amp#27;[0m&amp#27;[32mall UI elements such as text boxes and controls should be visible and functional&amp#27;[0m &amp#27;[90m# com.emi.stepdefinitions.LoanCalculatorSteps.all_ui_elements_visible_and_functional()&amp#27;[0m

    Embedding TC-FN-05 Navigate to Loan Amount Calculator tab and verify UI elements [image/png 139282 bytes]

11:59:39.053 [TestNG-tests-1] INFO  com.emi.base.DriverSetup - Closing browser and cleaning up resources
  &amp#27;[32mGiven &amp#27;[0m&amp#27;[32mI am on the EMI Calculator page&amp#27;[0m                                                &amp#27;[90m# com.emi.stepdefinitions.LoanCalculatorSteps.i_am_on_the_emi_calculator_page()&amp#27;[0m

    Embedding TC-FN-06 Change Loan Tenure from years to months and verify scale adjustment [image/png 187365 bytes]

11:59:40.650 [TestNG-tests-2] INFO  com.emi.pages.LoanCalculatorPage - Tenure type validation passed. Year value: 5, Month value: 60
  &amp#27;[32mWhen &amp#27;[0m&amp#27;[32mI toggle the loan tenure type between years and months&amp#27;[0m                          &amp#27;[90m# com.emi.stepdefinitions.LoanCalculatorSteps.i_toggle_the_loan_tenure_type_between_years_and_months()&amp#27;[0m

    Embedding TC-FN-06 Change Loan Tenure from years to months and verify scale adjustment [image/png 115002 bytes]

  &amp#27;[32mThen &amp#27;[0m&amp#27;[32mthe tenure type should be updated accordingly&amp#27;[0m                                   &amp#27;[90m# com.emi.stepdefinitions.LoanCalculatorSteps.the_tenure_type_should_be_updated_accordingly()&amp#27;[0m

    Embedding TC-FN-06 Change Loan Tenure from years to months and verify scale adjustment [image/png 114788 bytes]

11:59:41.029 [TestNG-tests-2] INFO  com.emi.base.DriverSetup - Closing browser and cleaning up resources
11:59:42.328 [TestNG-tests-1] INFO  com.emi.base.DriverSetup - Browser closed successfully
]]></system-out>
  </testcase>
  <testcase name="runScenario[&quot;TC-FN-06 Change Loan Tenure from years to months and verify scale adjustment&quot;, &quot;EMI, Loan Amount, and Loan Tenure Calculator Validations&quot;](5)" classname="com.emi.runners.CucumberTestRunner" time="2.094">
    <system-out><![CDATA[
@loan @emi @functional @loan_amount @regression @tc_fn_06
Scenario: TC-FN-06 Change Loan Tenure from years to months and verify scale adjustment &amp#27;[90m# src/test/resources/features/emi_calculator.feature:27&amp#27;[0m
11:59:42.338 [TestNG-tests-1] INFO  com.emi.base.DriverSetup - Initializing WebDriver for browser: edge
11:59:44.421 [TestNG-tests-2] INFO  com.emi.base.DriverSetup - Browser closed successfully
]]></system-out>
  </testcase>
  <testcase name="runScenario[&quot;TC-FN-06 Change Loan Tenure from years to months and verify scale adjustment&quot;, &quot;EMI, Loan Amount, and Loan Tenure Calculator Validations&quot;](5)" classname="com.emi.runners.CucumberTestRunner" time="10.593">
    <system-out><![CDATA[
@loan @emi @functional @loan_tenure @regression @tc_fn_07
Scenario: TC-FN-07 Navigate to Loan Tenure Calculator tab and verify UI elements        &amp#27;[90m# src/test/resources/features/emi_calculator.feature:32&amp#27;[0m
11:59:44.430 [TestNG-tests-2] INFO  com.emi.base.DriverSetup - Initializing WebDriver for browser: chrome
11:59:44.442 [TestNG-tests-2] INFO  io.github.bonigarcia.wdm.WebDriverManager - Using chromedriver 138.0.7204.183 (resolved driver for Chrome 138)
11:59:44.449 [TestNG-tests-2] INFO  io.github.bonigarcia.wdm.WebDriverManager - Exporting webdriver.chrome.driver as C:\Users\2421305\.cache\selenium\chromedriver\win64\138.0.7204.183\chromedriver.exe
11:59:46.179 [TestNG-tests-1] INFO  com.emi.base.DriverSetup - WebDriver initialized successfully
11:59:46.179 [TestNG-tests-1] INFO  com.emi.base.DriverSetup - Navigating to application URL: https://emicalculator.net/
11:59:48.398 [TestNG-tests-1] INFO  com.emi.base.DriverSetup - Successfully navigated to application
11:59:49.155 [TestNG-tests-2] INFO  com.emi.base.DriverSetup - WebDriver initialized successfully
11:59:49.155 [TestNG-tests-2] INFO  com.emi.base.DriverSetup - Navigating to application URL: https://emicalculator.net/
  &amp#27;[32mGiven &amp#27;[0m&amp#27;[32mI am on the EMI Calculator page&amp#27;[0m                                                &amp#27;[90m# com.emi.stepdefinitions.LoanCalculatorSteps.i_am_on_the_emi_calculator_page()&amp#27;[0m

    Embedding TC-FN-06 Change Loan Tenure from years to months and verify scale adjustment [image/png 210504 bytes]

11:59:51.340 [TestNG-tests-2] INFO  com.emi.base.DriverSetup - Successfully navigated to application
11:59:51.606 [TestNG-tests-1] INFO  com.emi.pages.LoanCalculatorPage - Tenure type validation passed. Year value: 5, Month value: 60
  &amp#27;[32mWhen &amp#27;[0m&amp#27;[32mI toggle the loan tenure type between years and months&amp#27;[0m                          &amp#27;[90m# com.emi.stepdefinitions.LoanCalculatorSteps.i_toggle_the_loan_tenure_type_between_years_and_months()&amp#27;[0m

    Embedding TC-FN-06 Change Loan Tenure from years to months and verify scale adjustment [image/png 138885 bytes]

  &amp#27;[32mThen &amp#27;[0m&amp#27;[32mthe tenure type should be updated accordingly&amp#27;[0m                                   &amp#27;[90m# com.emi.stepdefinitions.LoanCalculatorSteps.the_tenure_type_should_be_updated_accordingly()&amp#27;[0m

    Embedding TC-FN-06 Change Loan Tenure from years to months and verify scale adjustment [image/png 138725 bytes]

11:59:51.952 [TestNG-tests-1] INFO  com.emi.base.DriverSetup - Closing browser and cleaning up resources
  &amp#27;[32mGiven &amp#27;[0m&amp#27;[32mI am on the EMI Calculator page&amp#27;[0m                                                 &amp#27;[90m# com.emi.stepdefinitions.LoanCalculatorSteps.i_am_on_the_emi_calculator_page()&amp#27;[0m

    Embedding TC-FN-07 Navigate to Loan Tenure Calculator tab and verify UI elements [image/png 187365 bytes]

  &amp#27;[32mWhen &amp#27;[0m&amp#27;[32mI navigate to the Loan Tenure Calculator tab&amp#27;[0m                                     &amp#27;[90m# com.emi.stepdefinitions.LoanCalculatorSteps.i_navigate_to_the_loan_tenure_calculator_tab()&amp#27;[0m

    Embedding TC-FN-07 Navigate to Loan Tenure Calculator tab and verify UI elements [image/png 187800 bytes]

11:59:54.794 [TestNG-tests-2] INFO  com.emi.pages.LoanCalculatorPage - Loan Amount field set/read. Skipping equality validation due to dynamic behavior
11:59:55.005 [TestNG-tests-1] INFO  com.emi.base.DriverSetup - Browser closed successfully
]]></system-out>
  </testcase>
  <testcase name="runScenario[&quot;TC-FN-07 Navigate to Loan Tenure Calculator tab and verify UI elements&quot;, &quot;EMI, Loan Amount, and Loan Tenure Calculator Validations&quot;](6)" classname="com.emi.runners.CucumberTestRunner" time="8.467">
    <system-out><![CDATA[
@loan @emi @functional @loan_tenure @regression @tc_fn_07
Scenario: TC-FN-07 Navigate to Loan Tenure Calculator tab and verify UI elements        &amp#27;[90m# src/test/resources/features/emi_calculator.feature:32&amp#27;[0m
11:59:55.034 [TestNG-tests-1] INFO  com.emi.base.DriverSetup - Initializing WebDriver for browser: edge
11:59:56.302 [TestNG-tests-2] INFO  com.emi.pages.LoanCalculatorPage - EMI field set/read. Skipping equality validation due to dynamic behavior
11:59:58.023 [TestNG-tests-2] INFO  com.emi.pages.LoanCalculatorPage - Interest Rate field validation passed
11:59:58.579 [TestNG-tests-1] INFO  com.emi.base.DriverSetup - WebDriver initialized successfully
11:59:58.580 [TestNG-tests-1] INFO  com.emi.base.DriverSetup - Navigating to application URL: https://emicalculator.net/
11:59:59.605 [TestNG-tests-2] INFO  com.emi.pages.LoanCalculatorPage - Fees & Charge field validation passed
  &amp#27;[32mAnd &amp#27;[0m&amp#27;[32mI enter EMI details in loan tenure&amp#27;[0m                                                &amp#27;[90m# com.emi.stepdefinitions.LoanCalculatorSteps.i_enter_loan_tenure_calculator_details()&amp#27;[0m

    Embedding TC-FN-07 Navigate to Loan Tenure Calculator tab and verify UI elements [image/png 122233 bytes]

true true true true
  &amp#27;[32mThen &amp#27;[0m&amp#27;[32mall UI elements such as text boxes and controls should be visible and functional&amp#27;[0m &amp#27;[90m# com.emi.stepdefinitions.LoanCalculatorSteps.all_ui_elements_visible_and_functional()&amp#27;[0m

    Embedding TC-FN-07 Navigate to Loan Tenure Calculator tab and verify UI elements [image/png 122233 bytes]

12:00:00.048 [TestNG-tests-2] INFO  com.emi.base.DriverSetup - Closing browser and cleaning up resources
12:00:00.670 [TestNG-tests-1] INFO  com.emi.base.DriverSetup - Successfully navigated to application
  &amp#27;[32mGiven &amp#27;[0m&amp#27;[32mI am on the EMI Calculator page&amp#27;[0m                                                 &amp#27;[90m# com.emi.stepdefinitions.LoanCalculatorSteps.i_am_on_the_emi_calculator_page()&amp#27;[0m

    Embedding TC-FN-07 Navigate to Loan Tenure Calculator tab and verify UI elements [image/png 210418 bytes]

  &amp#27;[32mWhen &amp#27;[0m&amp#27;[32mI navigate to the Loan Tenure Calculator tab&amp#27;[0m                                     &amp#27;[90m# com.emi.stepdefinitions.LoanCalculatorSteps.i_navigate_to_the_loan_tenure_calculator_tab()&amp#27;[0m

    Embedding TC-FN-07 Navigate to Loan Tenure Calculator tab and verify UI elements [image/png 209401 bytes]

12:00:03.484 [TestNG-tests-2] INFO  com.emi.base.DriverSetup - Browser closed successfully
]]></system-out>
  </testcase>
  <testcase name="runScenario[&quot;TC-FN-07 Navigate to Loan Tenure Calculator tab and verify UI elements&quot;, &quot;EMI, Loan Amount, and Loan Tenure Calculator Validations&quot;](6)" classname="com.emi.runners.CucumberTestRunner" time="9.169">
    <system-out><![CDATA[
@loan @emi @regression @tc_fl_01 @positive
Scenario: TC-FL-01 Validate EMI text boxes with valid inputs &amp#27;[90m# src/test/resources/features/emi_calculator.feature:40&amp#27;[0m
12:00:03.493 [TestNG-tests-2] INFO  com.emi.base.DriverSetup - Initializing WebDriver for browser: chrome
12:00:03.503 [TestNG-tests-2] INFO  io.github.bonigarcia.wdm.WebDriverManager - Using chromedriver 138.0.7204.183 (resolved driver for Chrome 138)
12:00:03.514 [TestNG-tests-2] INFO  io.github.bonigarcia.wdm.WebDriverManager - Exporting webdriver.chrome.driver as C:\Users\2421305\.cache\selenium\chromedriver\win64\138.0.7204.183\chromedriver.exe
12:00:04.148 [TestNG-tests-1] INFO  com.emi.pages.LoanCalculatorPage - Loan Amount field set/read. Skipping equality validation due to dynamic behavior
12:00:05.639 [TestNG-tests-1] INFO  com.emi.pages.LoanCalculatorPage - EMI field set/read. Skipping equality validation due to dynamic behavior
12:00:05.850 [TestNG-tests-2] INFO  com.emi.base.DriverSetup - WebDriver initialized successfully
12:00:05.850 [TestNG-tests-2] INFO  com.emi.base.DriverSetup - Navigating to application URL: https://emicalculator.net/
12:00:07.366 [TestNG-tests-1] INFO  com.emi.pages.LoanCalculatorPage - Interest Rate field validation passed
12:00:08.067 [TestNG-tests-2] INFO  com.emi.base.DriverSetup - Successfully navigated to application
12:00:08.801 [TestNG-tests-1] INFO  com.emi.pages.LoanCalculatorPage - Fees & Charge field validation passed
  &amp#27;[32mAnd &amp#27;[0m&amp#27;[32mI enter EMI details in loan tenure&amp#27;[0m                                                &amp#27;[90m# com.emi.stepdefinitions.LoanCalculatorSteps.i_enter_loan_tenure_calculator_details()&amp#27;[0m

    Embedding TC-FN-07 Navigate to Loan Tenure Calculator tab and verify UI elements [image/png 140854 bytes]

true true true true
  &amp#27;[32mThen &amp#27;[0m&amp#27;[32mall UI elements such as text boxes and controls should be visible and functional&amp#27;[0m &amp#27;[90m# com.emi.stepdefinitions.LoanCalculatorSteps.all_ui_elements_visible_and_functional()&amp#27;[0m

    Embedding TC-FN-07 Navigate to Loan Tenure Calculator tab and verify UI elements [image/png 140854 bytes]

12:00:09.281 [TestNG-tests-1] INFO  com.emi.base.DriverSetup - Closing browser and cleaning up resources
  &amp#27;[32mGiven &amp#27;[0m&amp#27;[32mI am on the EMI Calculator page&amp#27;[0m                      &amp#27;[90m# com.emi.stepdefinitions.LoanCalculatorSteps.i_am_on_the_emi_calculator_page()&amp#27;[0m

    Embedding TC-FL-01 Validate EMI text boxes with valid inputs [image/png 187365 bytes]

12:00:11.404 [TestNG-tests-2] INFO  com.emi.pages.LoanCalculatorPage - Loan Amount field set/read. Skipping equality validation due to dynamic behavior
12:00:12.652 [TestNG-tests-1] INFO  com.emi.base.DriverSetup - Browser closed successfully
]]></system-out>
  </testcase>
  <testcase name="runScenario[&quot;TC-FL-01 Validate EMI text boxes with valid inputs&quot;, &quot;EMI, Loan Amount, and Loan Tenure Calculator Validations&quot;](7)" classname="com.emi.runners.CucumberTestRunner" time="7.497">
    <system-out><![CDATA[
@loan @emi @regression @tc_fl_01 @positive
Scenario: TC-FL-01 Validate EMI text boxes with valid inputs &amp#27;[90m# src/test/resources/features/emi_calculator.feature:40&amp#27;[0m
12:00:12.664 [TestNG-tests-1] INFO  com.emi.base.DriverSetup - Initializing WebDriver for browser: edge
12:00:12.913 [TestNG-tests-2] INFO  com.emi.pages.LoanCalculatorPage - Interest Rate field validation passed
12:00:14.472 [TestNG-tests-2] INFO  com.emi.pages.LoanCalculatorPage - Loan Term field validation passed
12:00:15.444 [TestNG-tests-1] INFO  com.emi.base.DriverSetup - WebDriver initialized successfully
12:00:15.446 [TestNG-tests-1] INFO  com.emi.base.DriverSetup - Navigating to application URL: https://emicalculator.net/
12:00:16.127 [TestNG-tests-2] INFO  com.emi.pages.LoanCalculatorPage - Fees & Charge field validation passed
  &amp#27;[32mWhen &amp#27;[0m&amp#27;[32mI enter valid text box values in emi calculator&amp#27;[0m       &amp#27;[90m# com.emi.stepdefinitions.LoanCalculatorSteps.i_enter_valid_text_values()&amp#27;[0m

    Embedding TC-FL-01 Validate EMI text boxes with valid inputs [image/png 123479 bytes]

true true true true
  &amp#27;[32mThen &amp#27;[0m&amp#27;[32mall EMI input fields should be valid and functional&amp#27;[0m   &amp#27;[90m# com.emi.stepdefinitions.LoanCalculatorSteps.all_emi_input_fields_valid()&amp#27;[0m

    Embedding TC-FL-01 Validate EMI text boxes with valid inputs [image/png 123479 bytes]

12:00:16.596 [TestNG-tests-2] INFO  com.emi.base.DriverSetup - Closing browser and cleaning up resources
12:00:17.717 [TestNG-tests-1] INFO  com.emi.base.DriverSetup - Successfully navigated to application
  &amp#27;[32mGiven &amp#27;[0m&amp#27;[32mI am on the EMI Calculator page&amp#27;[0m                      &amp#27;[90m# com.emi.stepdefinitions.LoanCalculatorSteps.i_am_on_the_emi_calculator_page()&amp#27;[0m

    Embedding TC-FL-01 Validate EMI text boxes with valid inputs [image/png 210418 bytes]

12:00:20.148 [TestNG-tests-2] INFO  com.emi.base.DriverSetup - Browser closed successfully
]]></system-out>
  </testcase>
  <testcase name="runScenario[&quot;TC-FL-01 Validate EMI text boxes with valid inputs&quot;, &quot;EMI, Loan Amount, and Loan Tenure Calculator Validations&quot;](7)" classname="com.emi.runners.CucumberTestRunner" time="9.212">
    <system-out><![CDATA[
@loan @emi @field @negative @regression @tc_fl_02
Scenario: TC-FL-02 Validate that all input fields reset on non-numeric input  &amp#27;[90m# src/test/resources/features/emi_calculator.feature:45&amp#27;[0m
12:00:20.160 [TestNG-tests-2] INFO  com.emi.base.DriverSetup - Initializing WebDriver for browser: chrome
12:00:20.182 [TestNG-tests-2] INFO  io.github.bonigarcia.wdm.WebDriverManager - Using chromedriver 138.0.7204.183 (resolved driver for Chrome 138)
12:00:20.199 [TestNG-tests-2] INFO  io.github.bonigarcia.wdm.WebDriverManager - Exporting webdriver.chrome.driver as C:\Users\2421305\.cache\selenium\chromedriver\win64\138.0.7204.183\chromedriver.exe
12:00:20.948 [TestNG-tests-1] INFO  com.emi.pages.LoanCalculatorPage - Loan Amount field set/read. Skipping equality validation due to dynamic behavior
12:00:22.041 [TestNG-tests-2] INFO  com.emi.base.DriverSetup - WebDriver initialized successfully
12:00:22.041 [TestNG-tests-2] INFO  com.emi.base.DriverSetup - Navigating to application URL: https://emicalculator.net/
12:00:22.544 [TestNG-tests-1] INFO  com.emi.pages.LoanCalculatorPage - Interest Rate field validation passed
12:00:24.115 [TestNG-tests-1] INFO  com.emi.pages.LoanCalculatorPage - Loan Term field validation passed
12:00:24.127 [TestNG-tests-2] INFO  com.emi.base.DriverSetup - Successfully navigated to application
12:00:25.680 [TestNG-tests-1] INFO  com.emi.pages.LoanCalculatorPage - Fees & Charge field validation passed
  &amp#27;[32mWhen &amp#27;[0m&amp#27;[32mI enter valid text box values in emi calculator&amp#27;[0m       &amp#27;[90m# com.emi.stepdefinitions.LoanCalculatorSteps.i_enter_valid_text_values()&amp#27;[0m
  &amp#27;[32mGiven &amp#27;[0m&amp#27;[32mI am on the EMI Calculator page&amp#27;[0m                                       &amp#27;[90m# com.emi.stepdefinitions.LoanCalculatorSteps.i_am_on_the_emi_calculator_page()&amp#27;[0m

    Embedding TC-FL-02 Validate that all input fields reset on non-numeric input [image/png 187365 bytes]


    Embedding TC-FL-01 Validate EMI text boxes with valid inputs [image/png 142338 bytes]

true true true true
  &amp#27;[32mThen &amp#27;[0m&amp#27;[32mall EMI input fields should be valid and functional&amp#27;[0m   &amp#27;[90m# com.emi.stepdefinitions.LoanCalculatorSteps.all_emi_input_fields_valid()&amp#27;[0m

    Embedding TC-FL-01 Validate EMI text boxes with valid inputs [image/png 142338 bytes]

12:00:26.307 [TestNG-tests-1] INFO  com.emi.base.DriverSetup - Closing browser and cleaning up resources
  &amp#27;[32mWhen &amp#27;[0m&amp#27;[32mI enter non-numeric values in emi calculator&amp#27;[0m                           &amp#27;[90m# com.emi.stepdefinitions.LoanCalculatorSteps.i_enter_non_numeric_values()&amp#27;[0m

    Embedding TC-FL-02 Validate that all input fields reset on non-numeric input [image/png 122114 bytes]

  &amp#27;[32mThen &amp#27;[0m&amp#27;[32mall fields should reject non-numeric input and reset to default values&amp#27;[0m &amp#27;[90m# com.emi.stepdefinitions.LoanCalculatorSteps.fields_should_reject_non_numeric()&amp#27;[0m

    Embedding TC-FL-02 Validate that all input fields reset on non-numeric input [image/png 122114 bytes]

12:00:28.255 [TestNG-tests-2] INFO  com.emi.base.DriverSetup - Closing browser and cleaning up resources
12:00:29.364 [TestNG-tests-1] INFO  com.emi.base.DriverSetup - Browser closed successfully
]]></system-out>
  </testcase>
  <testcase name="runScenario[&quot;TC-FL-02 Validate that all input fields reset on non-numeric input&quot;, &quot;EMI, Loan Amount, and Loan Tenure Calculator Validations&quot;](8)" classname="com.emi.runners.CucumberTestRunner" time="2.121">
    <system-out><![CDATA[
@loan @emi @field @negative @regression @tc_fl_02
Scenario: TC-FL-02 Validate that all input fields reset on non-numeric input  &amp#27;[90m# src/test/resources/features/emi_calculator.feature:45&amp#27;[0m
12:00:29.375 [TestNG-tests-1] INFO  com.emi.base.DriverSetup - Initializing WebDriver for browser: edge
12:00:31.483 [TestNG-tests-2] INFO  com.emi.base.DriverSetup - Browser closed successfully
]]></system-out>
  </testcase>
  <testcase name="runScenario[&quot;TC-FL-02 Validate that all input fields reset on non-numeric input&quot;, &quot;EMI, Loan Amount, and Loan Tenure Calculator Validations&quot;](8)" classname="com.emi.runners.CucumberTestRunner" time="11.507">
    <system-out><![CDATA[
@loan @emi @field @negative @regression @tc_fl_03
Scenario: TC-FL-03 Validate that all input fields reset on negative input   &amp#27;[90m# src/test/resources/features/emi_calculator.feature:50&amp#27;[0m
12:00:31.494 [TestNG-tests-2] INFO  com.emi.base.DriverSetup - Initializing WebDriver for browser: chrome
12:00:31.507 [TestNG-tests-2] INFO  io.github.bonigarcia.wdm.WebDriverManager - Using chromedriver 138.0.7204.183 (resolved driver for Chrome 138)
12:00:31.518 [TestNG-tests-2] INFO  io.github.bonigarcia.wdm.WebDriverManager - Exporting webdriver.chrome.driver as C:\Users\2421305\.cache\selenium\chromedriver\win64\138.0.7204.183\chromedriver.exe
12:00:32.667 [TestNG-tests-1] INFO  com.emi.base.DriverSetup - WebDriver initialized successfully
12:00:32.668 [TestNG-tests-1] INFO  com.emi.base.DriverSetup - Navigating to application URL: https://emicalculator.net/
12:00:33.878 [TestNG-tests-2] INFO  com.emi.base.DriverSetup - WebDriver initialized successfully
12:00:33.879 [TestNG-tests-2] INFO  com.emi.base.DriverSetup - Navigating to application URL: https://emicalculator.net/
12:00:35.316 [TestNG-tests-1] INFO  com.emi.base.DriverSetup - Successfully navigated to application
12:00:36.291 [TestNG-tests-2] INFO  com.emi.base.DriverSetup - Successfully navigated to application
  &amp#27;[32mGiven &amp#27;[0m&amp#27;[32mI am on the EMI Calculator page&amp#27;[0m                                       &amp#27;[90m# com.emi.stepdefinitions.LoanCalculatorSteps.i_am_on_the_emi_calculator_page()&amp#27;[0m

    Embedding TC-FL-02 Validate that all input fields reset on non-numeric input [image/png 210504 bytes]

  &amp#27;[32mGiven &amp#27;[0m&amp#27;[32mI am on the EMI Calculator page&amp#27;[0m                                     &amp#27;[90m# com.emi.stepdefinitions.LoanCalculatorSteps.i_am_on_the_emi_calculator_page()&amp#27;[0m

    Embedding TC-FL-03 Validate that all input fields reset on negative input [image/png 187419 bytes]

  &amp#27;[32mWhen &amp#27;[0m&amp#27;[32mI enter non-numeric values in emi calculator&amp#27;[0m                           &amp#27;[90m# com.emi.stepdefinitions.LoanCalculatorSteps.i_enter_non_numeric_values()&amp#27;[0m

    Embedding TC-FL-02 Validate that all input fields reset on non-numeric input [image/png 140867 bytes]

  &amp#27;[32mThen &amp#27;[0m&amp#27;[32mall fields should reject non-numeric input and reset to default values&amp#27;[0m &amp#27;[90m# com.emi.stepdefinitions.LoanCalculatorSteps.fields_should_reject_non_numeric()&amp#27;[0m

    Embedding TC-FL-02 Validate that all input fields reset on non-numeric input [image/png 140867 bytes]

12:00:39.919 [TestNG-tests-1] INFO  com.emi.base.DriverSetup - Closing browser and cleaning up resources
17,00,000 6 11,674 1700000 10.34 6 11674
  &amp#27;[32mWhen &amp#27;[0m&amp#27;[32mI enter negative values in emi calculator&amp#27;[0m                            &amp#27;[90m# com.emi.stepdefinitions.LoanCalculatorSteps.i_enter_negative_values()&amp#27;[0m

    Embedding TC-FL-03 Validate that all input fields reset on negative input [image/png 123356 bytes]

  &amp#27;[32mThen &amp#27;[0m&amp#27;[32mall fields should reset to the equivalent positive values or default&amp#27;[0m &amp#27;[90m# com.emi.stepdefinitions.LoanCalculatorSteps.fields_should_reset_to_positive_or_default()&amp#27;[0m

    Embedding TC-FL-03 Validate that all input fields reset on negative input [image/png 123356 bytes]

12:00:40.794 [TestNG-tests-2] INFO  com.emi.base.DriverSetup - Closing browser and cleaning up resources
12:00:42.992 [TestNG-tests-1] INFO  com.emi.base.DriverSetup - Browser closed successfully
]]></system-out>
  </testcase>
  <testcase name="runScenario[&quot;TC-FL-03 Validate that all input fields reset on negative input&quot;, &quot;EMI, Loan Amount, and Loan Tenure Calculator Validations&quot;](9)" classname="com.emi.runners.CucumberTestRunner" time="0.723">
    <system-out><![CDATA[
@loan @emi @field @negative @regression @tc_fl_03
Scenario: TC-FL-03 Validate that all input fields reset on negative input   &amp#27;[90m# src/test/resources/features/emi_calculator.feature:50&amp#27;[0m
12:00:43.003 [TestNG-tests-1] INFO  com.emi.base.DriverSetup - Initializing WebDriver for browser: edge
12:00:43.706 [TestNG-tests-2] INFO  com.emi.base.DriverSetup - Browser closed successfully
]]></system-out>
  </testcase>
  <testcase name="runScenario[&quot;TC-FL-03 Validate that all input fields reset on negative input&quot;, &quot;EMI, Loan Amount, and Loan Tenure Calculator Validations&quot;](9)" classname="com.emi.runners.CucumberTestRunner" time="0.675">
    <system-out><![CDATA[
@loan @emi @field @positive @regression @tc_fl_05
Scenario: TC-FL-05 Validate that decimal values are accepted in the Interest Rate field &amp#27;[90m# src/test/resources/features/emi_calculator.feature:60&amp#27;[0m
12:00:56.111 [TestNG-tests-2] INFO  com.emi.base.DriverSetup - Initializing WebDriver for browser: chrome
12:00:56.122 [TestNG-tests-2] INFO  io.github.bonigarcia.wdm.WebDriverManager - Using chromedriver 138.0.7204.183 (resolved driver for Chrome 138)
12:00:56.130 [TestNG-tests-2] INFO  io.github.bonigarcia.wdm.WebDriverManager - Exporting webdriver.chrome.driver as C:\Users\2421305\.cache\selenium\chromedriver\win64\138.0.7204.183\chromedriver.exe
12:00:56.775 [TestNG-tests-1] INFO  com.emi.base.DriverSetup - Browser closed successfully
]]></system-out>
  </testcase>
  <testcase name="runScenario[&quot;TC-FL-04 Validate that all input fields reset when left blank&quot;, &quot;EMI, Loan Amount, and Loan Tenure Calculator Validations&quot;](10)" classname="com.emi.runners.CucumberTestRunner" time="12.385">
    <system-out><![CDATA[
@loan @emi @field @negative @regression @tc_fl_04
Scenario: TC-FL-04 Validate that all input fields reset when left blank &amp#27;[90m# src/test/resources/features/emi_calculator.feature:55&amp#27;[0m
12:00:43.725 [TestNG-tests-2] INFO  com.emi.base.DriverSetup - Initializing WebDriver for browser: chrome
12:00:43.745 [TestNG-tests-2] INFO  io.github.bonigarcia.wdm.WebDriverManager - Using chromedriver 138.0.7204.183 (resolved driver for Chrome 138)
12:00:43.758 [TestNG-tests-2] INFO  io.github.bonigarcia.wdm.WebDriverManager - Exporting webdriver.chrome.driver as C:\Users\2421305\.cache\selenium\chromedriver\win64\138.0.7204.183\chromedriver.exe
12:00:45.474 [TestNG-tests-2] INFO  com.emi.base.DriverSetup - WebDriver initialized successfully
12:00:45.474 [TestNG-tests-2] INFO  com.emi.base.DriverSetup - Navigating to application URL: https://emicalculator.net/
12:00:47.161 [TestNG-tests-1] INFO  com.emi.base.DriverSetup - WebDriver initialized successfully
12:00:47.161 [TestNG-tests-1] INFO  com.emi.base.DriverSetup - Navigating to application URL: https://emicalculator.net/
12:00:48.083 [TestNG-tests-2] INFO  com.emi.base.DriverSetup - Successfully navigated to application
12:00:49.203 [TestNG-tests-1] INFO  com.emi.base.DriverSetup - Successfully navigated to application
  &amp#27;[32mGiven &amp#27;[0m&amp#27;[32mI am on the EMI Calculator page&amp#27;[0m                                 &amp#27;[90m# com.emi.stepdefinitions.LoanCalculatorSteps.i_am_on_the_emi_calculator_page()&amp#27;[0m

    Embedding TC-FL-04 Validate that all input fields reset when left blank [image/png 187365 bytes]

  &amp#27;[32mGiven &amp#27;[0m&amp#27;[32mI am on the EMI Calculator page&amp#27;[0m                                     &amp#27;[90m# com.emi.stepdefinitions.LoanCalculatorSteps.i_am_on_the_emi_calculator_page()&amp#27;[0m

    Embedding TC-FL-03 Validate that all input fields reset on negative input [image/png 210418 bytes]

  &amp#27;[32mWhen &amp#27;[0m&amp#27;[32mI leave all input fields empty in emi calculator&amp#27;[0m                 &amp#27;[90m# com.emi.stepdefinitions.LoanCalculatorSteps.i_leave_all_input_fields_empty()&amp#27;[0m

    Embedding TC-FL-04 Validate that all input fields reset when left blank [image/png 122114 bytes]

  &amp#27;[32mThen &amp#27;[0m&amp#27;[32mall fields should reset to default values (zero or placeholders)&amp#27;[0m &amp#27;[90m# com.emi.stepdefinitions.LoanCalculatorSteps.fields_should_reset_to_default_values()&amp#27;[0m

    Embedding TC-FL-04 Validate that all input fields reset when left blank [image/png 122114 bytes]

12:00:52.294 [TestNG-tests-2] INFO  com.emi.base.DriverSetup - Closing browser and cleaning up resources
17,00,000 6 11,674 1700000 10.34 6 11674
  &amp#27;[32mWhen &amp#27;[0m&amp#27;[32mI enter negative values in emi calculator&amp#27;[0m                            &amp#27;[90m# com.emi.stepdefinitions.LoanCalculatorSteps.i_enter_negative_values()&amp#27;[0m

    Embedding TC-FL-03 Validate that all input fields reset on negative input [image/png 141966 bytes]

  &amp#27;[32mThen &amp#27;[0m&amp#27;[32mall fields should reset to the equivalent positive values or default&amp#27;[0m &amp#27;[90m# com.emi.stepdefinitions.LoanCalculatorSteps.fields_should_reset_to_positive_or_default()&amp#27;[0m

    Embedding TC-FL-03 Validate that all input fields reset on negative input [image/png 141966 bytes]

12:00:53.500 [TestNG-tests-1] INFO  com.emi.base.DriverSetup - Closing browser and cleaning up resources
12:00:56.102 [TestNG-tests-2] INFO  com.emi.base.DriverSetup - Browser closed successfully
]]></system-out>
  </testcase>
  <testcase name="runScenario[&quot;TC-FL-04 Validate that all input fields reset when left blank&quot;, &quot;EMI, Loan Amount, and Loan Tenure Calculator Validations&quot;](10)" classname="com.emi.runners.CucumberTestRunner" time="5.289">
    <system-out><![CDATA[
@loan @emi @field @tenure @regression @tc_fl_06
Scenario: TC-FL-06 Validate that Loan Tenure supports both year and month formats     &amp#27;[90m# src/test/resources/features/emi_calculator.feature:65&amp#27;[0m
12:01:05.813 [TestNG-tests-2] INFO  com.emi.base.DriverSetup - Initializing WebDriver for browser: chrome
12:01:05.827 [TestNG-tests-2] INFO  io.github.bonigarcia.wdm.WebDriverManager - Using chromedriver 138.0.7204.183 (resolved driver for Chrome 138)
12:01:05.835 [TestNG-tests-2] INFO  io.github.bonigarcia.wdm.WebDriverManager - Exporting webdriver.chrome.driver as C:\Users\2421305\.cache\selenium\chromedriver\win64\138.0.7204.183\chromedriver.exe
  &amp#27;[32mWhen &amp#27;[0m&amp#27;[32mI leave all input fields empty in emi calculator&amp#27;[0m                 &amp#27;[90m# com.emi.stepdefinitions.LoanCalculatorSteps.i_leave_all_input_fields_empty()&amp#27;[0m

    Embedding TC-FL-04 Validate that all input fields reset when left blank [image/png 140867 bytes]

  &amp#27;[32mThen &amp#27;[0m&amp#27;[32mall fields should reset to default values (zero or placeholders)&amp#27;[0m &amp#27;[90m# com.emi.stepdefinitions.LoanCalculatorSteps.fields_should_reset_to_default_values()&amp#27;[0m

    Embedding TC-FL-04 Validate that all input fields reset when left blank [image/png 140867 bytes]

12:01:06.510 [TestNG-tests-1] INFO  com.emi.base.DriverSetup - Closing browser and cleaning up resources
12:01:07.753 [TestNG-tests-2] INFO  com.emi.base.DriverSetup - WebDriver initialized successfully
12:01:07.754 [TestNG-tests-2] INFO  com.emi.base.DriverSetup - Navigating to application URL: https://emicalculator.net/
12:01:09.839 [TestNG-tests-2] INFO  com.emi.base.DriverSetup - Successfully navigated to application
12:01:11.092 [TestNG-tests-1] INFO  com.emi.base.DriverSetup - Browser closed successfully
]]></system-out>
  </testcase>
  <testcase name="runScenario[&quot;TC-FL-05 Validate that decimal values are accepted in the Interest Rate field&quot;, &quot;EMI, Loan Amount, and Loan Tenure Calculator Validations&quot;](11)" classname="com.emi.runners.CucumberTestRunner" time="9.025">
    <system-out><![CDATA[
@loan @emi @field @negative @regression @tc_fl_04
Scenario: TC-FL-04 Validate that all input fields reset when left blank &amp#27;[90m# src/test/resources/features/emi_calculator.feature:55&amp#27;[0m
12:00:56.787 [TestNG-tests-1] INFO  com.emi.base.DriverSetup - Initializing WebDriver for browser: edge
12:00:57.755 [TestNG-tests-2] INFO  com.emi.base.DriverSetup - WebDriver initialized successfully
12:00:57.755 [TestNG-tests-2] INFO  com.emi.base.DriverSetup - Navigating to application URL: https://emicalculator.net/
12:01:00.257 [TestNG-tests-2] INFO  com.emi.base.DriverSetup - Successfully navigated to application
12:01:00.709 [TestNG-tests-1] INFO  com.emi.base.DriverSetup - WebDriver initialized successfully
12:01:00.710 [TestNG-tests-1] INFO  com.emi.base.DriverSetup - Navigating to application URL: https://emicalculator.net/
  &amp#27;[32mGiven &amp#27;[0m&amp#27;[32mI am on the EMI Calculator page&amp#27;[0m                                                 &amp#27;[90m# com.emi.stepdefinitions.LoanCalculatorSteps.i_am_on_the_emi_calculator_page()&amp#27;[0m

    Embedding TC-FL-05 Validate that decimal values are accepted in the Interest Rate field [image/png 187365 bytes]

12:01:02.829 [TestNG-tests-1] INFO  com.emi.base.DriverSetup - Successfully navigated to application
  &amp#27;[32mWhen &amp#27;[0m&amp#27;[32mI enter interest rate value in emi calculator&amp#27;[0m                                    &amp#27;[90m# com.emi.stepdefinitions.LoanCalculatorSteps.i_enter_decimal_in_interest_field()&amp#27;[0m

    Embedding TC-FL-05 Validate that decimal values are accepted in the Interest Rate field [image/png 135063 bytes]

  &amp#27;[32mThen &amp#27;[0m&amp#27;[32mthe Interest Rate field should accept and retain the decimal value&amp#27;[0m               &amp#27;[90m# com.emi.stepdefinitions.LoanCalculatorSteps.interest_rate_field_should_accept_decimal()&amp#27;[0m

    Embedding TC-FL-05 Validate that decimal values are accepted in the Interest Rate field [image/png 135063 bytes]

12:01:03.213 [TestNG-tests-2] INFO  com.emi.base.DriverSetup - Closing browser and cleaning up resources
  &amp#27;[32mGiven &amp#27;[0m&amp#27;[32mI am on the EMI Calculator page&amp#27;[0m                                 &amp#27;[90m# com.emi.stepdefinitions.LoanCalculatorSteps.i_am_on_the_emi_calculator_page()&amp#27;[0m

    Embedding TC-FL-04 Validate that all input fields reset when left blank [image/png 210418 bytes]

12:01:05.801 [TestNG-tests-2] INFO  com.emi.base.DriverSetup - Browser closed successfully
]]></system-out>
  </testcase>
  <testcase name="runScenario[&quot;TC-FL-05 Validate that decimal values are accepted in the Interest Rate field&quot;, &quot;EMI, Loan Amount, and Loan Tenure Calculator Validations&quot;](11)" classname="com.emi.runners.CucumberTestRunner" time="6.516">
    <system-out><![CDATA[
@loan @emi @field @dynamic @regression @tc_fl_07
Scenario: TC-FL-07 Validate that EMI result updates dynamically on input change                                   &amp#27;[90m# src/test/resources/features/emi_calculator.feature:70&amp#27;[0m
12:01:17.483 [TestNG-tests-2] INFO  com.emi.base.DriverSetup - Initializing WebDriver for browser: chrome
12:01:17.502 [TestNG-tests-2] INFO  io.github.bonigarcia.wdm.WebDriverManager - Using chromedriver 138.0.7204.183 (resolved driver for Chrome 138)
12:01:17.521 [TestNG-tests-2] INFO  io.github.bonigarcia.wdm.WebDriverManager - Exporting webdriver.chrome.driver as C:\Users\2421305\.cache\selenium\chromedriver\win64\138.0.7204.183\chromedriver.exe
  &amp#27;[32mGiven &amp#27;[0m&amp#27;[32mI am on the EMI Calculator page&amp#27;[0m                                                 &amp#27;[90m# com.emi.stepdefinitions.LoanCalculatorSteps.i_am_on_the_emi_calculator_page()&amp#27;[0m

    Embedding TC-FL-05 Validate that decimal values are accepted in the Interest Rate field [image/png 210418 bytes]

  &amp#27;[32mWhen &amp#27;[0m&amp#27;[32mI enter interest rate value in emi calculator&amp#27;[0m                                    &amp#27;[90m# com.emi.stepdefinitions.LoanCalculatorSteps.i_enter_decimal_in_interest_field()&amp#27;[0m
12:01:19.458 [TestNG-tests-2] INFO  com.emi.base.DriverSetup - WebDriver initialized successfully
12:01:19.458 [TestNG-tests-2] INFO  com.emi.base.DriverSetup - Navigating to application URL: https://emicalculator.net/

    Embedding TC-FL-05 Validate that decimal values are accepted in the Interest Rate field [image/png 210170 bytes]

  &amp#27;[32mThen &amp#27;[0m&amp#27;[32mthe Interest Rate field should accept and retain the decimal value&amp#27;[0m               &amp#27;[90m# com.emi.stepdefinitions.LoanCalculatorSteps.interest_rate_field_should_accept_decimal()&amp#27;[0m

    Embedding TC-FL-05 Validate that decimal values are accepted in the Interest Rate field [image/png 210170 bytes]

12:01:19.893 [TestNG-tests-1] INFO  com.emi.base.DriverSetup - Closing browser and cleaning up resources
12:01:21.819 [TestNG-tests-2] INFO  com.emi.base.DriverSetup - Successfully navigated to application
  &amp#27;[32mGiven &amp#27;[0m&amp#27;[32mI am on the EMI Calculator page&amp#27;[0m                                                                           &amp#27;[90m# com.emi.stepdefinitions.LoanCalculatorSteps.i_am_on_the_emi_calculator_page()&amp#27;[0m

    Embedding TC-FL-07 Validate that EMI result updates dynamically on input change [image/png 187365 bytes]

12:01:23.992 [TestNG-tests-1] INFO  com.emi.base.DriverSetup - Browser closed successfully
]]></system-out>
  </testcase>
  <testcase name="runScenario[&quot;TC-FL-06 Validate that Loan Tenure supports both year and month formats&quot;, &quot;EMI, Loan Amount, and Loan Tenure Calculator Validations&quot;](12)" classname="com.emi.runners.CucumberTestRunner" time="6.383">
    <system-out><![CDATA[
@loan @emi @field @positive @regression @tc_fl_05
Scenario: TC-FL-05 Validate that decimal values are accepted in the Interest Rate field &amp#27;[90m# src/test/resources/features/emi_calculator.feature:60&amp#27;[0m
12:01:11.105 [TestNG-tests-1] INFO  com.emi.base.DriverSetup - Initializing WebDriver for browser: edge
  &amp#27;[32mGiven &amp#27;[0m&amp#27;[32mI am on the EMI Calculator page&amp#27;[0m                                               &amp#27;[90m# com.emi.stepdefinitions.LoanCalculatorSteps.i_am_on_the_emi_calculator_page()&amp#27;[0m

    Embedding TC-FL-06 Validate that Loan Tenure supports both year and month formats [image/png 187365 bytes]

12:01:12.685 [TestNG-tests-2] INFO  com.emi.pages.LoanCalculatorPage - Tenure type validation passed. Year value: 5, Month value: 60
  &amp#27;[32mWhen &amp#27;[0m&amp#27;[32mI toggle the loan tenure type between years and months&amp#27;[0m                         &amp#27;[90m# com.emi.stepdefinitions.LoanCalculatorSteps.i_toggle_the_loan_tenure_type_between_years_and_months()&amp#27;[0m

    Embedding TC-FL-06 Validate that Loan Tenure supports both year and month formats [image/png 114878 bytes]

  &amp#27;[32mThen &amp#27;[0m&amp#27;[32mthe selected tenure type should update correctly with respect to year in month&amp#27;[0m &amp#27;[90m# com.emi.stepdefinitions.LoanCalculatorSteps.selected_tenure_type_should_update_correctly()&amp#27;[0m

    Embedding TC-FL-06 Validate that Loan Tenure supports both year and month formats [image/png 114788 bytes]

12:01:13.052 [TestNG-tests-2] INFO  com.emi.base.DriverSetup - Closing browser and cleaning up resources
12:01:14.796 [TestNG-tests-1] INFO  com.emi.base.DriverSetup - WebDriver initialized successfully
12:01:14.797 [TestNG-tests-1] INFO  com.emi.base.DriverSetup - Navigating to application URL: https://emicalculator.net/
12:01:16.780 [TestNG-tests-1] INFO  com.emi.base.DriverSetup - Successfully navigated to application
12:01:17.478 [TestNG-tests-2] INFO  com.emi.base.DriverSetup - Browser closed successfully
]]></system-out>
  </testcase>
  <testcase name="runScenario[&quot;TC-FL-06 Validate that Loan Tenure supports both year and month formats&quot;, &quot;EMI, Loan Amount, and Loan Tenure Calculator Validations&quot;](12)" classname="com.emi.runners.CucumberTestRunner" time="4.446">
    <system-out><![CDATA[
@home @regression
Scenario: Extract year-wise amortization data and export to Excel &amp#27;[90m# src/test/resources/features/home_loan.feature:7&amp#27;[0m
12:01:32.828 [TestNG-tests-2] INFO  com.emi.base.DriverSetup - Initializing WebDriver for browser: chrome
12:01:32.837 [TestNG-tests-2] INFO  io.github.bonigarcia.wdm.WebDriverManager - Using chromedriver 138.0.7204.183 (resolved driver for Chrome 138)
12:01:32.844 [TestNG-tests-2] INFO  io.github.bonigarcia.wdm.WebDriverManager - Exporting webdriver.chrome.driver as C:\Users\2421305\.cache\selenium\chromedriver\win64\138.0.7204.183\chromedriver.exe
12:01:32.929 [TestNG-tests-1] INFO  com.emi.pages.LoanCalculatorPage - Tenure type validation passed. Year value: 5, Month value: 60
  &amp#27;[32mWhen &amp#27;[0m&amp#27;[32mI toggle the loan tenure type between years and months&amp#27;[0m                         &amp#27;[90m# com.emi.stepdefinitions.LoanCalculatorSteps.i_toggle_the_loan_tenure_type_between_years_and_months()&amp#27;[0m

    Embedding TC-FL-06 Validate that Loan Tenure supports both year and month formats [image/png 138886 bytes]

  &amp#27;[32mThen &amp#27;[0m&amp#27;[32mthe selected tenure type should update correctly with respect to year in month&amp#27;[0m &amp#27;[90m# com.emi.stepdefinitions.LoanCalculatorSteps.selected_tenure_type_should_update_correctly()&amp#27;[0m

    Embedding TC-FL-06 Validate that Loan Tenure supports both year and month formats [image/png 138725 bytes]

12:01:33.269 [TestNG-tests-1] INFO  com.emi.base.DriverSetup - Closing browser and cleaning up resources
12:01:34.401 [TestNG-tests-2] INFO  com.emi.base.DriverSetup - WebDriver initialized successfully
12:01:34.401 [TestNG-tests-2] INFO  com.emi.base.DriverSetup - Navigating to application URL: https://emicalculator.net/
12:01:36.670 [TestNG-tests-2] INFO  com.emi.base.DriverSetup - Successfully navigated to application
12:01:37.267 [TestNG-tests-1] INFO  com.emi.base.DriverSetup - Browser closed successfully
]]></system-out>
  </testcase>
  <testcase name="runScenario[&quot;TC-FL-07 Validate that EMI result updates dynamically on input change&quot;, &quot;EMI, Loan Amount, and Loan Tenure Calculator Validations&quot;](13)" classname="com.emi.runners.CucumberTestRunner" time="8.824">
    <system-out><![CDATA[
@loan @emi @field @tenure @regression @tc_fl_06
Scenario: TC-FL-06 Validate that Loan Tenure supports both year and month formats     &amp#27;[90m# src/test/resources/features/emi_calculator.feature:65&amp#27;[0m
12:01:24.004 [TestNG-tests-1] INFO  com.emi.base.DriverSetup - Initializing WebDriver for browser: edge
12:01:25.043 [TestNG-tests-2] INFO  com.emi.pages.LoanCalculatorPage - Loan Amount field set/read. Skipping equality validation due to dynamic behavior
12:01:26.577 [TestNG-tests-2] INFO  com.emi.pages.LoanCalculatorPage - Interest Rate field validation passed
12:01:27.915 [TestNG-tests-1] INFO  com.emi.base.DriverSetup - WebDriver initialized successfully
12:01:27.915 [TestNG-tests-1] INFO  com.emi.base.DriverSetup - Navigating to application URL: https://emicalculator.net/
12:01:28.051 [TestNG-tests-2] INFO  com.emi.pages.LoanCalculatorPage - Loan Term field validation passed
12:01:29.555 [TestNG-tests-2] INFO  com.emi.pages.LoanCalculatorPage - Fees & Charge field validation passed
  &amp#27;[32mWhen &amp#27;[0m&amp#27;[32mI get the initial value of EMI result and i enter all values in emi calculator&amp#27;[0m                             &amp#27;[90m# com.emi.stepdefinitions.LoanCalculatorSteps.i_get_initial_emi_value_and_enter_loan_details()&amp#27;[0m

    Embedding TC-FL-07 Validate that EMI result updates dynamically on input change [image/png 122975 bytes]

  &amp#27;[32mThen &amp#27;[0m&amp#27;[32mthe EMI result should update dynamically as the input values change and differ from the previous EMI value&amp#27;[0m &amp#27;[90m# com.emi.stepdefinitions.LoanCalculatorSteps.emi_result_should_update_on_input_change()&amp#27;[0m

    Embedding TC-FL-07 Validate that EMI result updates dynamically on input change [image/png 122975 bytes]

12:01:29.884 [TestNG-tests-2] INFO  com.emi.base.DriverSetup - Closing browser and cleaning up resources
12:01:29.917 [TestNG-tests-1] INFO  com.emi.base.DriverSetup - Successfully navigated to application
  &amp#27;[32mGiven &amp#27;[0m&amp#27;[32mI am on the EMI Calculator page&amp#27;[0m                                               &amp#27;[90m# com.emi.stepdefinitions.LoanCalculatorSteps.i_am_on_the_emi_calculator_page()&amp#27;[0m

    Embedding TC-FL-06 Validate that Loan Tenure supports both year and month formats [image/png 210418 bytes]

12:01:32.820 [TestNG-tests-2] INFO  com.emi.base.DriverSetup - Browser closed successfully
]]></system-out>
  </testcase>
  <testcase name="runScenario[&quot;TC-FL-07 Validate that EMI result updates dynamically on input change&quot;, &quot;EMI, Loan Amount, and Loan Tenure Calculator Validations&quot;](13)" classname="com.emi.runners.CucumberTestRunner" time="15.953">
    <system-out><![CDATA[12:01:45.598 [TestNG-tests-1] INFO  com.emi.pages.LoanCalculatorPage - Loan Amount field set/read. Skipping equality validation due to dynamic behavior
12:01:47.062 [TestNG-tests-1] INFO  com.emi.pages.LoanCalculatorPage - Interest Rate field validation passed
12:01:48.462 [TestNG-tests-1] INFO  com.emi.pages.LoanCalculatorPage - Loan Term field validation passed
12:01:49.908 [TestNG-tests-1] INFO  com.emi.pages.LoanCalculatorPage - Fees & Charge field validation passed
  &amp#27;[32mWhen &amp#27;[0m&amp#27;[32mI get the initial value of EMI result and i enter all values in emi calculator&amp#27;[0m                             &amp#27;[90m# com.emi.stepdefinitions.LoanCalculatorSteps.i_get_initial_emi_value_and_enter_loan_details()&amp#27;[0m

    Embedding TC-FL-07 Validate that EMI result updates dynamically on input change [image/png 141853 bytes]

  &amp#27;[32mThen &amp#27;[0m&amp#27;[32mthe EMI result should update dynamically as the input values change and differ from the previous EMI value&amp#27;[0m &amp#27;[90m# com.emi.stepdefinitions.LoanCalculatorSteps.emi_result_should_update_on_input_change()&amp#27;[0m

    Embedding TC-FL-07 Validate that EMI result updates dynamically on input change [image/png 141853 bytes]

12:01:50.210 [TestNG-tests-1] INFO  com.emi.base.DriverSetup - Closing browser and cleaning up resources
12:01:53.217 [TestNG-tests-1] INFO  com.emi.base.DriverSetup - Browser closed successfully
]]></system-out>
  </testcase>
  <testcase name="runScenario[&quot;Extract year-wise amortization data and export to Excel&quot;, &quot;Home Loan EMI calculator&quot;](14)" classname="com.emi.runners.CucumberTestRunner" time="7.477">
    <system-out><![CDATA[
@loan @emi @field @dynamic @regression @tc_fl_07
Scenario: TC-FL-07 Validate that EMI result updates dynamically on input change                                   &amp#27;[90m# src/test/resources/features/emi_calculator.feature:70&amp#27;[0m
12:01:37.273 [TestNG-tests-1] INFO  com.emi.base.DriverSetup - Initializing WebDriver for browser: edge
  &amp#27;[32mGiven &amp#27;[0m&amp#27;[32mI am on the Home Loan EMI Calculator page&amp#27;[0m                 &amp#27;[90m# com.emi.stepdefinitions.HomeLoanSteps.i_am_on_the_home_loan_emi_calculator_page()&amp#27;[0m

    Embedding Extract year-wise amortization data and export to Excel [image/png 155824 bytes]

12:01:40.333 [TestNG-tests-1] INFO  com.emi.base.DriverSetup - WebDriver initialized successfully
12:01:40.333 [TestNG-tests-1] INFO  com.emi.base.DriverSetup - Navigating to application URL: https://emicalculator.net/
  &amp#27;[32mWhen &amp#27;[0m&amp#27;[32mI fill home loan values with by reading from file&amp#27;[0m          &amp#27;[90m# com.emi.stepdefinitions.HomeLoanSteps.i_fill_home_loan_values()&amp#27;[0m

    Embedding Extract year-wise amortization data and export to Excel [image/png 84475 bytes]

  &amp#27;[32mThen &amp#27;[0m&amp#27;[32mI export the year-wise amortization to Excel&amp#27;[0m               &amp#27;[90m# com.emi.stepdefinitions.HomeLoanSteps.i_export_the_year_wise_amortization_to_excel()&amp#27;[0m

    Embedding Extract year-wise amortization data and export to Excel [image/png 84475 bytes]

12:01:42.046 [TestNG-tests-2] INFO  com.emi.base.DriverSetup - Closing browser and cleaning up resources
12:01:42.412 [TestNG-tests-1] INFO  com.emi.base.DriverSetup - Successfully navigated to application
  &amp#27;[32mGiven &amp#27;[0m&amp#27;[32mI am on the EMI Calculator page&amp#27;[0m                                                                           &amp#27;[90m# com.emi.stepdefinitions.LoanCalculatorSteps.i_am_on_the_emi_calculator_page()&amp#27;[0m

    Embedding TC-FL-07 Validate that EMI result updates dynamically on input change [image/png 210418 bytes]

12:01:44.745 [TestNG-tests-2] INFO  com.emi.base.DriverSetup - Browser closed successfully
]]></system-out>
  </testcase>
  <testcase name="runScenario[&quot;Extract year-wise amortization data and export to Excel&quot;, &quot;Home Loan EMI calculator&quot;](14)" classname="com.emi.runners.CucumberTestRunner" time="13.644">
    <system-out><![CDATA[
@home @regression
Scenario: Extract year-wise amortization data and export to Excel &amp#27;[90m# src/test/resources/features/home_loan.feature:7&amp#27;[0m
12:01:53.231 [TestNG-tests-1] INFO  com.emi.base.DriverSetup - Initializing WebDriver for browser: edge
12:01:56.847 [TestNG-tests-1] INFO  com.emi.base.DriverSetup - WebDriver initialized successfully
12:01:56.847 [TestNG-tests-1] INFO  com.emi.base.DriverSetup - Navigating to application URL: https://emicalculator.net/
12:01:58.995 [TestNG-tests-1] INFO  com.emi.base.DriverSetup - Successfully navigated to application
  &amp#27;[32mGiven &amp#27;[0m&amp#27;[32mI am on the Home Loan EMI Calculator page&amp#27;[0m                 &amp#27;[90m# com.emi.stepdefinitions.HomeLoanSteps.i_am_on_the_home_loan_emi_calculator_page()&amp#27;[0m

    Embedding Extract year-wise amortization data and export to Excel [image/png 180022 bytes]

  &amp#27;[32mWhen &amp#27;[0m&amp#27;[32mI fill home loan values with by reading from file&amp#27;[0m          &amp#27;[90m# com.emi.stepdefinitions.HomeLoanSteps.i_fill_home_loan_values()&amp#27;[0m

    Embedding Extract year-wise amortization data and export to Excel [image/png 181541 bytes]

  &amp#27;[32mThen &amp#27;[0m&amp#27;[32mI export the year-wise amortization to Excel&amp#27;[0m               &amp#27;[90m# com.emi.stepdefinitions.HomeLoanSteps.i_export_the_year_wise_amortization_to_excel()&amp#27;[0m

    Embedding Extract year-wise amortization data and export to Excel [image/png 181340 bytes]

12:02:03.829 [TestNG-tests-1] INFO  com.emi.base.DriverSetup - Closing browser and cleaning up resources
12:02:06.865 [TestNG-tests-1] INFO  com.emi.base.DriverSetup - Browser closed successfully
]]></system-out>
  </testcase>
</testsuite>