<?xml version="1.0" encoding="UTF-8"?>
<testng-results ignored="0" total="28" passed="28" failed="0" skipped="0">
  <reporter-output>
  </reporter-output>
  <suite started-at="2025-08-28T11:58:27 IST" name="Cucumber Parallel Browser Suite" finished-at="2025-08-28T12:02:06 IST" duration-ms="219105">
    <groups>
      <group name="cucumber">
        <method signature="AbstractTestNGCucumberTests.runScenario(io.cucumber.testng.PickleWrapper,io.cucumber.testng.FeatureWrapper)[pri:0, instance:com.emi.runners.CucumberTestRunner@27a0a5a2]" name="runScenario" class="io.cucumber.testng.AbstractTestNGCucumberTests"/>
        <method signature="AbstractTestNGCucumberTests.runScenario(io.cucumber.testng.PickleWrapper,io.cucumber.testng.FeatureWrapper)[pri:0, instance:com.emi.runners.CucumberTestRunner@4201a617]" name="runScenario" class="io.cucumber.testng.AbstractTestNGCucumberTests"/>
      </group> <!-- cucumber -->
    </groups>
    <test started-at="2025-08-28T11:58:27 IST" name="Run Cucumber - Edge" finished-at="2025-08-28T12:01:44 IST" duration-ms="196999">
      <class name="com.emi.runners.CucumberTestRunner">
        <test-method is-config="true" signature="beforeSuite()[pri:0, instance:com.emi.runners.CucumberTestRunner@4201a617]" started-at="2025-08-28T11:58:27 IST" name="beforeSuite" finished-at="2025-08-28T11:58:27 IST" duration-ms="16" status="PASS">
          <reporter-output>
          </reporter-output>
        </test-method> <!-- beforeSuite -->
        <test-method is-config="true" signature="setUpClass(org.testng.ITestContext)[pri:0, instance:com.emi.runners.CucumberTestRunner@4201a617]" started-at="2025-08-28T11:58:27 IST" name="setUpClass" finished-at="2025-08-28T11:58:28 IST" duration-ms="710" status="PASS">
          <params>
            <param index="0">
              <value>
                <![CDATA[org.testng.TestRunner@676f0a60]]>
              </value>
            </param>
          </params>
          <reporter-output>
          </reporter-output>
        </test-method> <!-- setUpClass -->
        <test-method signature="runScenario(io.cucumber.testng.PickleWrapper,io.cucumber.testng.FeatureWrapper)[pri:0, instance:com.emi.runners.CucumberTestRunner@4201a617]" started-at="2025-08-28T11:58:28 IST" name="runScenario" description="Runs Cucumber Scenarios" data-provider="scenarios" finished-at="2025-08-28T11:58:45 IST" duration-ms="17250" status="PASS">
          <params>
            <param index="0">
              <value>
                <![CDATA["Calculate Car EMI for 1 year loan and verify first month breakdown"]]>
              </value>
            </param>
            <param index="1">
              <value>
                <![CDATA["Car EMI calculation"]]>
              </value>
            </param>
          </params>
          <reporter-output>
          </reporter-output>
        </test-method> <!-- runScenario -->
        <test-method signature="runScenario(io.cucumber.testng.PickleWrapper,io.cucumber.testng.FeatureWrapper)[pri:0, instance:com.emi.runners.CucumberTestRunner@4201a617]" started-at="2025-08-28T11:58:45 IST" name="runScenario" description="Runs Cucumber Scenarios" data-provider="scenarios" finished-at="2025-08-28T11:59:04 IST" duration-ms="19120" status="PASS">
          <params>
            <param index="0">
              <value>
                <![CDATA["TC-FN-03 Navigate to EMI Calculator tab and verify UI elements"]]>
              </value>
            </param>
            <param index="1">
              <value>
                <![CDATA["EMI, Loan Amount, and Loan Tenure Calculator Validations"]]>
              </value>
            </param>
          </params>
          <reporter-output>
          </reporter-output>
        </test-method> <!-- runScenario -->
        <test-method signature="runScenario(io.cucumber.testng.PickleWrapper,io.cucumber.testng.FeatureWrapper)[pri:0, instance:com.emi.runners.CucumberTestRunner@4201a617]" started-at="2025-08-28T11:59:04 IST" name="runScenario" description="Runs Cucumber Scenarios" data-provider="scenarios" finished-at="2025-08-28T11:59:16 IST" duration-ms="11781" status="PASS">
          <params>
            <param index="0">
              <value>
                <![CDATA["TC-FN-04 Change Loan Tenure from years to months and verify scale adjustment"]]>
              </value>
            </param>
            <param index="1">
              <value>
                <![CDATA["EMI, Loan Amount, and Loan Tenure Calculator Validations"]]>
              </value>
            </param>
          </params>
          <reporter-output>
          </reporter-output>
        </test-method> <!-- runScenario -->
        <test-method signature="runScenario(io.cucumber.testng.PickleWrapper,io.cucumber.testng.FeatureWrapper)[pri:0, instance:com.emi.runners.CucumberTestRunner@4201a617]" started-at="2025-08-28T11:59:16 IST" name="runScenario" description="Runs Cucumber Scenarios" data-provider="scenarios" finished-at="2025-08-28T11:59:32 IST" duration-ms="15950" status="PASS">
          <params>
            <param index="0">
              <value>
                <![CDATA["TC-FN-05 Navigate to Loan Amount Calculator tab and verify UI elements"]]>
              </value>
            </param>
            <param index="1">
              <value>
                <![CDATA["EMI, Loan Amount, and Loan Tenure Calculator Validations"]]>
              </value>
            </param>
          </params>
          <reporter-output>
          </reporter-output>
        </test-method> <!-- runScenario -->
        <test-method signature="runScenario(io.cucumber.testng.PickleWrapper,io.cucumber.testng.FeatureWrapper)[pri:0, instance:com.emi.runners.CucumberTestRunner@4201a617]" started-at="2025-08-28T11:59:32 IST" name="runScenario" description="Runs Cucumber Scenarios" data-provider="scenarios" finished-at="2025-08-28T11:59:44 IST" duration-ms="11770" status="PASS">
          <params>
            <param index="0">
              <value>
                <![CDATA["TC-FN-06 Change Loan Tenure from years to months and verify scale adjustment"]]>
              </value>
            </param>
            <param index="1">
              <value>
                <![CDATA["EMI, Loan Amount, and Loan Tenure Calculator Validations"]]>
              </value>
            </param>
          </params>
          <reporter-output>
          </reporter-output>
        </test-method> <!-- runScenario -->
        <test-method signature="runScenario(io.cucumber.testng.PickleWrapper,io.cucumber.testng.FeatureWrapper)[pri:0, instance:com.emi.runners.CucumberTestRunner@4201a617]" started-at="2025-08-28T11:59:44 IST" name="runScenario" description="Runs Cucumber Scenarios" data-provider="scenarios" finished-at="2025-08-28T12:00:03 IST" duration-ms="19061" status="PASS">
          <params>
            <param index="0">
              <value>
                <![CDATA["TC-FN-07 Navigate to Loan Tenure Calculator tab and verify UI elements"]]>
              </value>
            </param>
            <param index="1">
              <value>
                <![CDATA["EMI, Loan Amount, and Loan Tenure Calculator Validations"]]>
              </value>
            </param>
          </params>
          <reporter-output>
          </reporter-output>
        </test-method> <!-- runScenario -->
        <test-method signature="runScenario(io.cucumber.testng.PickleWrapper,io.cucumber.testng.FeatureWrapper)[pri:0, instance:com.emi.runners.CucumberTestRunner@4201a617]" started-at="2025-08-28T12:00:03 IST" name="runScenario" description="Runs Cucumber Scenarios" data-provider="scenarios" finished-at="2025-08-28T12:00:20 IST" duration-ms="16666" status="PASS">
          <params>
            <param index="0">
              <value>
                <![CDATA["TC-FL-01 Validate EMI text boxes with valid inputs"]]>
              </value>
            </param>
            <param index="1">
              <value>
                <![CDATA["EMI, Loan Amount, and Loan Tenure Calculator Validations"]]>
              </value>
            </param>
          </params>
          <reporter-output>
          </reporter-output>
        </test-method> <!-- runScenario -->
        <test-method signature="runScenario(io.cucumber.testng.PickleWrapper,io.cucumber.testng.FeatureWrapper)[pri:0, instance:com.emi.runners.CucumberTestRunner@4201a617]" started-at="2025-08-28T12:00:20 IST" name="runScenario" description="Runs Cucumber Scenarios" data-provider="scenarios" finished-at="2025-08-28T12:00:31 IST" duration-ms="11331" status="PASS">
          <params>
            <param index="0">
              <value>
                <![CDATA["TC-FL-02 Validate that all input fields reset on non-numeric input"]]>
              </value>
            </param>
            <param index="1">
              <value>
                <![CDATA["EMI, Loan Amount, and Loan Tenure Calculator Validations"]]>
              </value>
            </param>
          </params>
          <reporter-output>
          </reporter-output>
        </test-method> <!-- runScenario -->
        <test-method signature="runScenario(io.cucumber.testng.PickleWrapper,io.cucumber.testng.FeatureWrapper)[pri:0, instance:com.emi.runners.CucumberTestRunner@4201a617]" started-at="2025-08-28T12:00:31 IST" name="runScenario" description="Runs Cucumber Scenarios" data-provider="scenarios" finished-at="2025-08-28T12:00:43 IST" duration-ms="12230" status="PASS">
          <params>
            <param index="0">
              <value>
                <![CDATA["TC-FL-03 Validate that all input fields reset on negative input"]]>
              </value>
            </param>
            <param index="1">
              <value>
                <![CDATA["EMI, Loan Amount, and Loan Tenure Calculator Validations"]]>
              </value>
            </param>
          </params>
          <reporter-output>
          </reporter-output>
        </test-method> <!-- runScenario -->
        <test-method signature="runScenario(io.cucumber.testng.PickleWrapper,io.cucumber.testng.FeatureWrapper)[pri:0, instance:com.emi.runners.CucumberTestRunner@4201a617]" started-at="2025-08-28T12:00:43 IST" name="runScenario" description="Runs Cucumber Scenarios" data-provider="scenarios" finished-at="2025-08-28T12:00:56 IST" duration-ms="12385" status="PASS">
          <params>
            <param index="0">
              <value>
                <![CDATA["TC-FL-04 Validate that all input fields reset when left blank"]]>
              </value>
            </param>
            <param index="1">
              <value>
                <![CDATA["EMI, Loan Amount, and Loan Tenure Calculator Validations"]]>
              </value>
            </param>
          </params>
          <reporter-output>
          </reporter-output>
        </test-method> <!-- runScenario -->
        <test-method signature="runScenario(io.cucumber.testng.PickleWrapper,io.cucumber.testng.FeatureWrapper)[pri:0, instance:com.emi.runners.CucumberTestRunner@4201a617]" started-at="2025-08-28T12:00:56 IST" name="runScenario" description="Runs Cucumber Scenarios" data-provider="scenarios" finished-at="2025-08-28T12:01:05 IST" duration-ms="9701" status="PASS">
          <params>
            <param index="0">
              <value>
                <![CDATA["TC-FL-05 Validate that decimal values are accepted in the Interest Rate field"]]>
              </value>
            </param>
            <param index="1">
              <value>
                <![CDATA["EMI, Loan Amount, and Loan Tenure Calculator Validations"]]>
              </value>
            </param>
          </params>
          <reporter-output>
          </reporter-output>
        </test-method> <!-- runScenario -->
        <test-method signature="runScenario(io.cucumber.testng.PickleWrapper,io.cucumber.testng.FeatureWrapper)[pri:0, instance:com.emi.runners.CucumberTestRunner@4201a617]" started-at="2025-08-28T12:01:05 IST" name="runScenario" description="Runs Cucumber Scenarios" data-provider="scenarios" finished-at="2025-08-28T12:01:17 IST" duration-ms="11673" status="PASS">
          <params>
            <param index="0">
              <value>
                <![CDATA["TC-FL-06 Validate that Loan Tenure supports both year and month formats"]]>
              </value>
            </param>
            <param index="1">
              <value>
                <![CDATA["EMI, Loan Amount, and Loan Tenure Calculator Validations"]]>
              </value>
            </param>
          </params>
          <reporter-output>
          </reporter-output>
        </test-method> <!-- runScenario -->
        <test-method signature="runScenario(io.cucumber.testng.PickleWrapper,io.cucumber.testng.FeatureWrapper)[pri:0, instance:com.emi.runners.CucumberTestRunner@4201a617]" started-at="2025-08-28T12:01:17 IST" name="runScenario" description="Runs Cucumber Scenarios" data-provider="scenarios" finished-at="2025-08-28T12:01:32 IST" duration-ms="15342" status="PASS">
          <params>
            <param index="0">
              <value>
                <![CDATA["TC-FL-07 Validate that EMI result updates dynamically on input change"]]>
              </value>
            </param>
            <param index="1">
              <value>
                <![CDATA["EMI, Loan Amount, and Loan Tenure Calculator Validations"]]>
              </value>
            </param>
          </params>
          <reporter-output>
          </reporter-output>
        </test-method> <!-- runScenario -->
        <test-method signature="runScenario(io.cucumber.testng.PickleWrapper,io.cucumber.testng.FeatureWrapper)[pri:0, instance:com.emi.runners.CucumberTestRunner@4201a617]" started-at="2025-08-28T12:01:32 IST" name="runScenario" description="Runs Cucumber Scenarios" data-provider="scenarios" finished-at="2025-08-28T12:01:44 IST" duration-ms="11924" status="PASS">
          <params>
            <param index="0">
              <value>
                <![CDATA["Extract year-wise amortization data and export to Excel"]]>
              </value>
            </param>
            <param index="1">
              <value>
                <![CDATA["Home Loan EMI calculator"]]>
              </value>
            </param>
          </params>
          <reporter-output>
          </reporter-output>
        </test-method> <!-- runScenario -->
        <test-method is-config="true" signature="tearDownClass()[pri:0, instance:com.emi.runners.CucumberTestRunner@4201a617]" started-at="2025-08-28T12:01:44 IST" name="tearDownClass" finished-at="2025-08-28T12:01:44 IST" duration-ms="21" status="PASS">
          <reporter-output>
          </reporter-output>
        </test-method> <!-- tearDownClass -->
      </class> <!-- com.emi.runners.CucumberTestRunner -->
    </test> <!-- Run Cucumber - Edge -->
    <test started-at="2025-08-28T11:58:27 IST" name="Run Cucumber - Chrome" finished-at="2025-08-28T12:02:06 IST" duration-ms="219105">
      <class name="com.emi.runners.CucumberTestRunner">
        <test-method is-config="true" signature="setUpClass(org.testng.ITestContext)[pri:0, instance:com.emi.runners.CucumberTestRunner@27a0a5a2]" started-at="2025-08-28T11:58:27 IST" name="setUpClass" finished-at="2025-08-28T11:58:28 IST" duration-ms="710" status="PASS">
          <params>
            <param index="0">
              <value>
                <![CDATA[org.testng.TestRunner@2617f816]]>
              </value>
            </param>
          </params>
          <reporter-output>
          </reporter-output>
        </test-method> <!-- setUpClass -->
        <test-method signature="runScenario(io.cucumber.testng.PickleWrapper,io.cucumber.testng.FeatureWrapper)[pri:0, instance:com.emi.runners.CucumberTestRunner@27a0a5a2]" started-at="2025-08-28T11:58:28 IST" name="runScenario" description="Runs Cucumber Scenarios" data-provider="scenarios" finished-at="2025-08-28T11:58:49 IST" duration-ms="21429" status="PASS">
          <params>
            <param index="0">
              <value>
                <![CDATA["Calculate Car EMI for 1 year loan and verify first month breakdown"]]>
              </value>
            </param>
            <param index="1">
              <value>
                <![CDATA["Car EMI calculation"]]>
              </value>
            </param>
          </params>
          <reporter-output>
          </reporter-output>
        </test-method> <!-- runScenario -->
        <test-method signature="runScenario(io.cucumber.testng.PickleWrapper,io.cucumber.testng.FeatureWrapper)[pri:0, instance:com.emi.runners.CucumberTestRunner@27a0a5a2]" started-at="2025-08-28T11:58:49 IST" name="runScenario" description="Runs Cucumber Scenarios" data-provider="scenarios" finished-at="2025-08-28T11:59:11 IST" duration-ms="21149" status="PASS">
          <params>
            <param index="0">
              <value>
                <![CDATA["TC-FN-03 Navigate to EMI Calculator tab and verify UI elements"]]>
              </value>
            </param>
            <param index="1">
              <value>
                <![CDATA["EMI, Loan Amount, and Loan Tenure Calculator Validations"]]>
              </value>
            </param>
          </params>
          <reporter-output>
          </reporter-output>
        </test-method> <!-- runScenario -->
        <test-method signature="runScenario(io.cucumber.testng.PickleWrapper,io.cucumber.testng.FeatureWrapper)[pri:0, instance:com.emi.runners.CucumberTestRunner@27a0a5a2]" started-at="2025-08-28T11:59:11 IST" name="runScenario" description="Runs Cucumber Scenarios" data-provider="scenarios" finished-at="2025-08-28T11:59:23 IST" duration-ms="12740" status="PASS">
          <params>
            <param index="0">
              <value>
                <![CDATA["TC-FN-04 Change Loan Tenure from years to months and verify scale adjustment"]]>
              </value>
            </param>
            <param index="1">
              <value>
                <![CDATA["EMI, Loan Amount, and Loan Tenure Calculator Validations"]]>
              </value>
            </param>
          </params>
          <reporter-output>
          </reporter-output>
        </test-method> <!-- runScenario -->
        <test-method signature="runScenario(io.cucumber.testng.PickleWrapper,io.cucumber.testng.FeatureWrapper)[pri:0, instance:com.emi.runners.CucumberTestRunner@27a0a5a2]" started-at="2025-08-28T11:59:23 IST" name="runScenario" description="Runs Cucumber Scenarios" data-provider="scenarios" finished-at="2025-08-28T11:59:42 IST" duration-ms="18462" status="PASS">
          <params>
            <param index="0">
              <value>
                <![CDATA["TC-FN-05 Navigate to Loan Amount Calculator tab and verify UI elements"]]>
              </value>
            </param>
            <param index="1">
              <value>
                <![CDATA["EMI, Loan Amount, and Loan Tenure Calculator Validations"]]>
              </value>
            </param>
          </params>
          <reporter-output>
          </reporter-output>
        </test-method> <!-- runScenario -->
        <test-method signature="runScenario(io.cucumber.testng.PickleWrapper,io.cucumber.testng.FeatureWrapper)[pri:0, instance:com.emi.runners.CucumberTestRunner@27a0a5a2]" started-at="2025-08-28T11:59:42 IST" name="runScenario" description="Runs Cucumber Scenarios" data-provider="scenarios" finished-at="2025-08-28T11:59:55 IST" duration-ms="12686" status="PASS">
          <params>
            <param index="0">
              <value>
                <![CDATA["TC-FN-06 Change Loan Tenure from years to months and verify scale adjustment"]]>
              </value>
            </param>
            <param index="1">
              <value>
                <![CDATA["EMI, Loan Amount, and Loan Tenure Calculator Validations"]]>
              </value>
            </param>
          </params>
          <reporter-output>
          </reporter-output>
        </test-method> <!-- runScenario -->
        <test-method signature="runScenario(io.cucumber.testng.PickleWrapper,io.cucumber.testng.FeatureWrapper)[pri:0, instance:com.emi.runners.CucumberTestRunner@27a0a5a2]" started-at="2025-08-28T11:59:55 IST" name="runScenario" description="Runs Cucumber Scenarios" data-provider="scenarios" finished-at="2025-08-28T12:00:12 IST" duration-ms="17637" status="PASS">
          <params>
            <param index="0">
              <value>
                <![CDATA["TC-FN-07 Navigate to Loan Tenure Calculator tab and verify UI elements"]]>
              </value>
            </param>
            <param index="1">
              <value>
                <![CDATA["EMI, Loan Amount, and Loan Tenure Calculator Validations"]]>
              </value>
            </param>
          </params>
          <reporter-output>
          </reporter-output>
        </test-method> <!-- runScenario -->
        <test-method signature="runScenario(io.cucumber.testng.PickleWrapper,io.cucumber.testng.FeatureWrapper)[pri:0, instance:com.emi.runners.CucumberTestRunner@27a0a5a2]" started-at="2025-08-28T12:00:12 IST" name="runScenario" description="Runs Cucumber Scenarios" data-provider="scenarios" finished-at="2025-08-28T12:00:29 IST" duration-ms="16709" status="PASS">
          <params>
            <param index="0">
              <value>
                <![CDATA["TC-FL-01 Validate EMI text boxes with valid inputs"]]>
              </value>
            </param>
            <param index="1">
              <value>
                <![CDATA["EMI, Loan Amount, and Loan Tenure Calculator Validations"]]>
              </value>
            </param>
          </params>
          <reporter-output>
          </reporter-output>
        </test-method> <!-- runScenario -->
        <test-method signature="runScenario(io.cucumber.testng.PickleWrapper,io.cucumber.testng.FeatureWrapper)[pri:0, instance:com.emi.runners.CucumberTestRunner@27a0a5a2]" started-at="2025-08-28T12:00:29 IST" name="runScenario" description="Runs Cucumber Scenarios" data-provider="scenarios" finished-at="2025-08-28T12:00:42 IST" duration-ms="13627" status="PASS">
          <params>
            <param index="0">
              <value>
                <![CDATA["TC-FL-02 Validate that all input fields reset on non-numeric input"]]>
              </value>
            </param>
            <param index="1">
              <value>
                <![CDATA["EMI, Loan Amount, and Loan Tenure Calculator Validations"]]>
              </value>
            </param>
          </params>
          <reporter-output>
          </reporter-output>
        </test-method> <!-- runScenario -->
        <test-method signature="runScenario(io.cucumber.testng.PickleWrapper,io.cucumber.testng.FeatureWrapper)[pri:0, instance:com.emi.runners.CucumberTestRunner@27a0a5a2]" started-at="2025-08-28T12:00:42 IST" name="runScenario" description="Runs Cucumber Scenarios" data-provider="scenarios" finished-at="2025-08-28T12:00:56 IST" duration-ms="13785" status="PASS">
          <params>
            <param index="0">
              <value>
                <![CDATA["TC-FL-03 Validate that all input fields reset on negative input"]]>
              </value>
            </param>
            <param index="1">
              <value>
                <![CDATA["EMI, Loan Amount, and Loan Tenure Calculator Validations"]]>
              </value>
            </param>
          </params>
          <reporter-output>
          </reporter-output>
        </test-method> <!-- runScenario -->
        <test-method signature="runScenario(io.cucumber.testng.PickleWrapper,io.cucumber.testng.FeatureWrapper)[pri:0, instance:com.emi.runners.CucumberTestRunner@27a0a5a2]" started-at="2025-08-28T12:00:56 IST" name="runScenario" description="Runs Cucumber Scenarios" data-provider="scenarios" finished-at="2025-08-28T12:01:11 IST" duration-ms="14315" status="PASS">
          <params>
            <param index="0">
              <value>
                <![CDATA["TC-FL-04 Validate that all input fields reset when left blank"]]>
              </value>
            </param>
            <param index="1">
              <value>
                <![CDATA["EMI, Loan Amount, and Loan Tenure Calculator Validations"]]>
              </value>
            </param>
          </params>
          <reporter-output>
          </reporter-output>
        </test-method> <!-- runScenario -->
        <test-method signature="runScenario(io.cucumber.testng.PickleWrapper,io.cucumber.testng.FeatureWrapper)[pri:0, instance:com.emi.runners.CucumberTestRunner@27a0a5a2]" started-at="2025-08-28T12:01:11 IST" name="runScenario" description="Runs Cucumber Scenarios" data-provider="scenarios" finished-at="2025-08-28T12:01:23 IST" duration-ms="12899" status="PASS">
          <params>
            <param index="0">
              <value>
                <![CDATA["TC-FL-05 Validate that decimal values are accepted in the Interest Rate field"]]>
              </value>
            </param>
            <param index="1">
              <value>
                <![CDATA["EMI, Loan Amount, and Loan Tenure Calculator Validations"]]>
              </value>
            </param>
          </params>
          <reporter-output>
          </reporter-output>
        </test-method> <!-- runScenario -->
        <test-method signature="runScenario(io.cucumber.testng.PickleWrapper,io.cucumber.testng.FeatureWrapper)[pri:0, instance:com.emi.runners.CucumberTestRunner@27a0a5a2]" started-at="2025-08-28T12:01:23 IST" name="runScenario" description="Runs Cucumber Scenarios" data-provider="scenarios" finished-at="2025-08-28T12:01:37 IST" duration-ms="13272" status="PASS">
          <params>
            <param index="0">
              <value>
                <![CDATA["TC-FL-06 Validate that Loan Tenure supports both year and month formats"]]>
              </value>
            </param>
            <param index="1">
              <value>
                <![CDATA["EMI, Loan Amount, and Loan Tenure Calculator Validations"]]>
              </value>
            </param>
          </params>
          <reporter-output>
          </reporter-output>
        </test-method> <!-- runScenario -->
        <test-method signature="runScenario(io.cucumber.testng.PickleWrapper,io.cucumber.testng.FeatureWrapper)[pri:0, instance:com.emi.runners.CucumberTestRunner@27a0a5a2]" started-at="2025-08-28T12:01:37 IST" name="runScenario" description="Runs Cucumber Scenarios" data-provider="scenarios" finished-at="2025-08-28T12:01:53 IST" duration-ms="15953" status="PASS">
          <params>
            <param index="0">
              <value>
                <![CDATA["TC-FL-07 Validate that EMI result updates dynamically on input change"]]>
              </value>
            </param>
            <param index="1">
              <value>
                <![CDATA["EMI, Loan Amount, and Loan Tenure Calculator Validations"]]>
              </value>
            </param>
          </params>
          <reporter-output>
          </reporter-output>
        </test-method> <!-- runScenario -->
        <test-method signature="runScenario(io.cucumber.testng.PickleWrapper,io.cucumber.testng.FeatureWrapper)[pri:0, instance:com.emi.runners.CucumberTestRunner@27a0a5a2]" started-at="2025-08-28T12:01:53 IST" name="runScenario" description="Runs Cucumber Scenarios" data-provider="scenarios" finished-at="2025-08-28T12:02:06 IST" duration-ms="13644" status="PASS">
          <params>
            <param index="0">
              <value>
                <![CDATA["Extract year-wise amortization data and export to Excel"]]>
              </value>
            </param>
            <param index="1">
              <value>
                <![CDATA["Home Loan EMI calculator"]]>
              </value>
            </param>
          </params>
          <reporter-output>
          </reporter-output>
        </test-method> <!-- runScenario -->
        <test-method is-config="true" signature="tearDownClass()[pri:0, instance:com.emi.runners.CucumberTestRunner@27a0a5a2]" started-at="2025-08-28T12:02:06 IST" name="tearDownClass" finished-at="2025-08-28T12:02:06 IST" duration-ms="12" status="PASS">
          <reporter-output>
          </reporter-output>
        </test-method> <!-- tearDownClass -->
      </class> <!-- com.emi.runners.CucumberTestRunner -->
    </test> <!-- Run Cucumber - Chrome -->
  </suite> <!-- Cucumber Parallel Browser Suite -->
</testng-results>
